[    0.000000] Initializing cgroup subsys cpuset
[    0.000000] Initializing cgroup subsys cpu
[    0.000000] Initializing cgroup subsys cpuacct
[    0.000000] Linux version 4.4.0-174-generic (buildd@lcy01-amd64-027) (gcc version 5.4.0 20160609 (Ubuntu 5.4.0-6ubuntu1~16.04.12) ) #204-Ubuntu SMP Wed Jan 29 06:41:01 UTC 2020 (Ubuntu 4.4.0-174.204-generic 4.4.211)
[    0.000000] Command line: BOOT_IMAGE=/boot/vmlinuz-4.4.0-174-generic root=LABEL=cloudimg-rootfs ro console=tty1 console=ttyS0
[    0.000000] KERNEL supported cpus:
[    0.000000]   Intel GenuineIntel
[    0.000000]   AMD AuthenticAMD
[    0.000000]   Centaur CentaurHauls
[    0.000000] x86/fpu: xstate_offset[2]:  576, xstate_sizes[2]:  256
[    0.000000] x86/fpu: Supporting XSAVE feature 0x01: 'x87 floating point registers'
[    0.000000] x86/fpu: Supporting XSAVE feature 0x02: 'SSE registers'
[    0.000000] x86/fpu: Supporting XSAVE feature 0x04: 'AVX registers'
[    0.000000] x86/fpu: Enabled xstate features 0x7, context size is 832 bytes, using 'standard' format.
[    0.000000] e820: BIOS-provided physical RAM map:
[    0.000000] BIOS-e820: [mem 0x0000000000000000-0x000000000009fbff] usable
[    0.000000] BIOS-e820: [mem 0x000000000009fc00-0x000000000009ffff] reserved
[    0.000000] BIOS-e820: [mem 0x00000000000f0000-0x00000000000fffff] reserved
[    0.000000] BIOS-e820: [mem 0x0000000000100000-0x000000003ffeffff] usable
[    0.000000] BIOS-e820: [mem 0x000000003fff0000-0x000000003fffffff] ACPI data
[    0.000000] BIOS-e820: [mem 0x00000000fec00000-0x00000000fec00fff] reserved
[    0.000000] BIOS-e820: [mem 0x00000000fee00000-0x00000000fee00fff] reserved
[    0.000000] BIOS-e820: [mem 0x00000000fffc0000-0x00000000ffffffff] reserved
[    0.000000] NX (Execute Disable) protection: active
[    0.000000] SMBIOS 2.5 present.
[    0.000000] Hypervisor detected: KVM
[    0.000000] e820: last_pfn = 0x3fff0 max_arch_pfn = 0x400000000
[    0.000000] MTRR: Disabled
[    0.000000] x86/PAT: MTRRs disabled, skipping PAT initialization too.
[    0.000000] CPU MTRRs all blank - virtualized system.
[    0.000000] x86/PAT: Configuration [0-7]: WB  WT  UC- UC  WB  WT  UC- UC  
[    0.000000] found SMP MP-table at [mem 0x0009fff0-0x0009ffff] mapped at [ffff88000009fff0]
[    0.000000] Scanning 1 areas for low memory corruption
[    0.000000] RAMDISK: [mem 0x362e0000-0x37167fff]
[    0.000000] ACPI: Early table checksum verification disabled
[    0.000000] ACPI: RSDP 0x00000000000E0000 000024 (v02 VBOX  )
[    0.000000] ACPI: XSDT 0x000000003FFF0030 00003C (v01 VBOX   VBOXXSDT 00000001 ASL  00000061)
[    0.000000] ACPI: FACP 0x000000003FFF00F0 0000F4 (v04 VBOX   VBOXFACP 00000001 ASL  00000061)
[    0.000000] ACPI: DSDT 0x000000003FFF0470 002325 (v02 VBOX   VBOXBIOS 00000002 INTL 20100528)
[    0.000000] ACPI: FACS 0x000000003FFF0200 000040
[    0.000000] ACPI: FACS 0x000000003FFF0200 000040
[    0.000000] ACPI: APIC 0x000000003FFF0240 00005C (v02 VBOX   VBOXAPIC 00000001 ASL  00000061)
[    0.000000] ACPI: SSDT 0x000000003FFF02A0 0001CC (v01 VBOX   VBOXCPUT 00000002 INTL 20100528)
[    0.000000] No NUMA configuration found
[    0.000000] Faking a node at [mem 0x0000000000000000-0x000000003ffeffff]
[    0.000000] NODE_DATA(0) allocated [mem 0x3ffeb000-0x3ffeffff]
[    0.000000] kvm-clock: Using msrs 4b564d01 and 4b564d00
[    0.000000] kvm-clock: cpu 0, msr 0:3ffe3001, primary cpu clock
[    0.000000] kvm-clock: using sched offset of 3811625141 cycles
[    0.000000] clocksource: kvm-clock: mask: 0xffffffffffffffff max_cycles: 0x1cd42e4dffb, max_idle_ns: 881590591483 ns
[    0.000000] Zone ranges:
[    0.000000]   DMA      [mem 0x0000000000001000-0x0000000000ffffff]
[    0.000000]   DMA32    [mem 0x0000000001000000-0x000000003ffeffff]
[    0.000000]   Normal   empty
[    0.000000]   Device   empty
[    0.000000] Movable zone start for each node
[    0.000000] Early memory node ranges
[    0.000000]   node   0: [mem 0x0000000000001000-0x000000000009efff]
[    0.000000]   node   0: [mem 0x0000000000100000-0x000000003ffeffff]
[    0.000000] Initmem setup node 0 [mem 0x0000000000001000-0x000000003ffeffff]
[    0.000000] ACPI: PM-Timer IO Port: 0x4008
[    0.000000] IOAPIC[0]: apic_id 2, version 32, address 0xfec00000, GSI 0-23
[    0.000000] ACPI: INT_SRC_OVR (bus 0 bus_irq 0 global_irq 2 dfl dfl)
[    0.000000] ACPI: INT_SRC_OVR (bus 0 bus_irq 9 global_irq 9 low level)
[    0.000000] Using ACPI (MADT) for SMP configuration information
[    0.000000] smpboot: Allowing 2 CPUs, 0 hotplug CPUs
[    0.000000] PM: Registered nosave memory: [mem 0x00000000-0x00000fff]
[    0.000000] PM: Registered nosave memory: [mem 0x0009f000-0x0009ffff]
[    0.000000] PM: Registered nosave memory: [mem 0x000a0000-0x000effff]
[    0.000000] PM: Registered nosave memory: [mem 0x000f0000-0x000fffff]
[    0.000000] e820: [mem 0x40000000-0xfebfffff] available for PCI devices
[    0.000000] Booting paravirtualized kernel on KVM
[    0.000000] clocksource: refined-jiffies: mask: 0xffffffff max_cycles: 0xffffffff, max_idle_ns: 7645519600211568 ns
[    0.000000] setup_percpu: NR_CPUS:512 nr_cpumask_bits:512 nr_cpu_ids:2 nr_node_ids:1
[    0.000000] PERCPU: Embedded 33 pages/cpu @ffff88003fc00000 s95448 r8192 d31528 u1048576
[    0.000000] Built 1 zonelists in Node order, mobility grouping on.  Total pages: 257912
[    0.000000] Policy zone: DMA32
[    0.000000] Kernel command line: BOOT_IMAGE=/boot/vmlinuz-4.4.0-174-generic root=LABEL=cloudimg-rootfs ro console=tty1 console=ttyS0
[    0.000000] PID hash table entries: 4096 (order: 3, 32768 bytes)
[    0.000000] Memory: 997672K/1048120K available (8626K kernel code, 1336K rwdata, 4032K rodata, 1488K init, 1292K bss, 50448K reserved, 0K cma-reserved)
[    0.000000] SLUB: HWalign=64, Order=0-3, MinObjects=0, CPUs=2, Nodes=1
[    0.000000] Kernel/User page tables isolation: enabled
[    0.000000] Hierarchical RCU implementation.
[    0.000000] 	Build-time adjustment of leaf fanout to 64.
[    0.000000] 	RCU restricting CPUs from NR_CPUS=512 to nr_cpu_ids=2.
[    0.000000] RCU: Adjusting geometry for rcu_fanout_leaf=64, nr_cpu_ids=2
[    0.000000] NR_IRQS:33024 nr_irqs:440 16
[    0.000000] Console: colour VGA+ 80x25
[    0.000000] console [tty1] enabled
[    0.000000] console [ttyS0] enabled
[    0.000000] tsc: Detected 2711.996 MHz processor
[    0.178141] Calibrating delay loop (skipped) preset value.. 5423.99 BogoMIPS (lpj=10847984)
[    0.179926] pid_max: default: 32768 minimum: 301
[    0.180821] ACPI: Core revision 20150930
[    0.182479] ACPI: 2 ACPI AML tables successfully acquired and loaded
[    0.183970] Security Framework initialized
[    0.184797] Yama: becoming mindful.
[    0.185560] AppArmor: AppArmor initialized
[    0.186434] Dentry cache hash table entries: 131072 (order: 8, 1048576 bytes)
[    0.191266] Inode-cache hash table entries: 65536 (order: 7, 524288 bytes)
[    0.193821] Mount-cache hash table entries: 2048 (order: 2, 16384 bytes)
[    0.195143] Mountpoint-cache hash table entries: 2048 (order: 2, 16384 bytes)
[    0.196506] Initializing cgroup subsys io
[    0.197300] Initializing cgroup subsys memory
[    0.198263] Initializing cgroup subsys devices
[    0.199104] Initializing cgroup subsys freezer
[    0.199973] Initializing cgroup subsys net_cls
[    0.200822] Initializing cgroup subsys perf_event
[    0.201733] Initializing cgroup subsys net_prio
[    0.203401] Initializing cgroup subsys hugetlb
[    0.204417] Initializing cgroup subsys pids
[    0.206795] mce: CPU supports 0 MCE banks
[    0.208573] Last level iTLB entries: 4KB 64, 2MB 8, 4MB 8
[    0.209633] Last level dTLB entries: 4KB 64, 2MB 0, 4MB 0, 1GB 4
[    0.211131] Spectre V1 : Mitigation: usercopy/swapgs barriers and __user pointer sanitization
[    0.212809] Spectre V2 : Mitigation: Full generic retpoline
[    0.213871] Spectre V2 : Spectre v2 / SpectreRSB mitigation: Filling RSB on context switch
[    0.215502] Speculative Store Bypass: Vulnerable
[    0.216645] MDS: Vulnerable: Clear CPU buffers attempted, no microcode
[    0.220820] Freeing SMP alternatives memory: 36K
[    0.230695] ftrace: allocating 32305 entries in 127 pages
[    0.311017] smpboot: APIC(0) Converting physical 0 to logical package 0
[    0.312327] smpboot: Max logical packages: 1
[    0.313447] x2apic enabled
[    0.314354] Switched APIC routing to physical x2apic.
[    0.316832] ..TIMER: vector=0x30 apic1=0 pin1=2 apic2=-1 pin2=-1
[    0.427039] smpboot: CPU0: Intel(R) Core(TM) i5-7200U CPU @ 2.50GHz (family: 0x6, model: 0x8e, stepping: 0x9)
[    0.429380] Performance Events: unsupported p6 CPU model 142 no PMU driver, software events only.
[    0.450787] KVM setup paravirtual spinlock
[    0.452409] x86: Booting SMP configuration:
[    0.453706] .... node  #0, CPUs:      #1
[    0.454816] kvm-clock: cpu 1, msr 0:3ffe3041, secondary cpu clock
[    0.461706] mce: CPU supports 0 MCE banks
[    0.465660] x86: Booted up 1 node, 2 CPUs
[    0.466852] smpboot: Total of 2 processors activated (10847.98 BogoMIPS)
[    0.468691] devtmpfs: initialized
[    0.471084] evm: security.selinux
[    0.472141] evm: security.SMACK64
[    0.474290] evm: security.SMACK64EXEC
[    0.477013] evm: security.SMACK64TRANSMUTE
[    0.479046] evm: security.SMACK64MMAP
[    0.479785] evm: security.ima
[    0.480633] evm: security.capability
[    0.481589] clocksource: jiffies: mask: 0xffffffff max_cycles: 0xffffffff, max_idle_ns: 7645041785100000 ns
[    0.483749] futex hash table entries: 512 (order: 3, 32768 bytes)
[    0.485071] pinctrl core: initialized pinctrl subsystem
[    0.486378] RTC time: 13:56:16, date: 03/27/20
[    0.487985] NET: Registered protocol family 16
[    0.499597] cpuidle: using governor ladder
[    0.511509] cpuidle: using governor menu
[    0.512434] PCCT header not found.
[    0.513310] ACPI: bus type PCI registered
[    0.514579] acpiphp: ACPI Hot Plug PCI Controller Driver version: 0.5
[    0.516162] PCI: Using configuration type 1 for base access
[    0.527796] ACPI: Added _OSI(Module Device)
[    0.528777] ACPI: Added _OSI(Processor Device)
[    0.530082] ACPI: Added _OSI(3.0 _SCP Extensions)
[    0.531298] ACPI: Added _OSI(Processor Aggregator Device)
[    0.533942] ACPI: Executed 1 blocks of module-level executable AML code
[    0.537582] ACPI: Interpreter enabled
[    0.539020] ACPI: (supports S0 S5)
[    0.540257] ACPI: Using IOAPIC for interrupt routing
[    0.542362] PCI: Using host bridge windows from ACPI; if necessary, use "pci=nocrs" and report a bug
[    0.551939] ACPI: PCI Root Bridge [PCI0] (domain 0000 [bus 00-ff])
[    0.553545] acpi PNP0A03:00: _OSC: OS supports [ASPM ClockPM Segments MSI]
[    0.555993] acpi PNP0A03:00: _OSC: not requesting OS control; OS requires [ExtendedConfig ASPM ClockPM MSI]
[    0.559335] acpi PNP0A03:00: fail to add MMCONFIG information, can't access extended PCI configuration space under this bridge.
[    0.562041] PCI host bridge to bus 0000:00
[    0.563264] pci_bus 0000:00: root bus resource [io  0x0000-0x0cf7 window]
[    0.564641] pci_bus 0000:00: root bus resource [io  0x0d00-0xffff window]
[    0.565947] pci_bus 0000:00: root bus resource [mem 0x000a0000-0x000bffff window]
[    0.567739] pci_bus 0000:00: root bus resource [mem 0x40000000-0xfdffffff window]
[    0.569806] pci_bus 0000:00: root bus resource [bus 00-ff]
[    0.573717] pci 0000:00:01.1: legacy IDE quirk: reg 0x10: [io  0x01f0-0x01f7]
[    0.576151] pci 0000:00:01.1: legacy IDE quirk: reg 0x14: [io  0x03f6]
[    0.577451] pci 0000:00:01.1: legacy IDE quirk: reg 0x18: [io  0x0170-0x0177]
[    0.579089] pci 0000:00:01.1: legacy IDE quirk: reg 0x1c: [io  0x0376]
[    0.617087] pci 0000:00:07.0: quirk: [io  0x4000-0x403f] claimed by PIIX4 ACPI
[    0.618608] pci 0000:00:07.0: quirk: [io  0x4100-0x410f] claimed by PIIX4 SMB
[    0.641252] ACPI: PCI Interrupt Link [LNKA] (IRQs 5 9 10 *11)
[    0.643831] ACPI: PCI Interrupt Link [LNKB] (IRQs 5 9 *10 11)
[    0.645401] ACPI: PCI Interrupt Link [LNKC] (IRQs 5 *9 10 11)
[    0.646856] ACPI: PCI Interrupt Link [LNKD] (IRQs 5 9 10 *11)
[    0.648408] ACPI: Enabled 2 GPEs in block 00 to 07
[    0.649783] vgaarb: setting as boot device: PCI:0000:00:02.0
[    0.651101] vgaarb: device added: PCI:0000:00:02.0,decodes=io+mem,owns=io+mem,locks=none
[    0.652727] vgaarb: loaded
[    0.653454] vgaarb: bridge control possible 0000:00:02.0
[    0.654669] SCSI subsystem initialized
[    0.656214] ACPI: bus type USB registered
[    0.657263] usbcore: registered new interface driver usbfs
[    0.658981] usbcore: registered new interface driver hub
[    0.660207] usbcore: registered new device driver usb
[    0.661528] PCI: Using ACPI for IRQ routing
[    0.665572] NetLabel: Initializing
[    0.666512] NetLabel:  domain hash size = 128
[    0.667393] NetLabel:  protocols = UNLABELED CIPSOv4
[    0.668429] NetLabel:  unlabeled traffic allowed by default
[    0.669689] amd_nb: Cannot enumerate AMD northbridges
[    0.671031] clocksource: Switched to clocksource kvm-clock
[    0.684666] AppArmor: AppArmor Filesystem Enabled
[    0.685696] pnp: PnP ACPI init
[    0.687193] pnp: PnP ACPI: found 3 devices
[    0.698930] clocksource: acpi_pm: mask: 0xffffff max_cycles: 0xffffff, max_idle_ns: 2085701024 ns
[    0.701204] NET: Registered protocol family 2
[    0.702474] TCP established hash table entries: 8192 (order: 4, 65536 bytes)
[    0.704227] TCP bind hash table entries: 8192 (order: 5, 131072 bytes)
[    0.706187] TCP: Hash tables configured (established 8192 bind 8192)
[    0.707955] UDP hash table entries: 512 (order: 2, 16384 bytes)
[    0.709777] UDP-Lite hash table entries: 512 (order: 2, 16384 bytes)
[    0.711286] NET: Registered protocol family 1
[    0.712344] pci 0000:00:00.0: Limiting direct PCI/PCI transfers
[    0.713730] pci 0000:00:01.0: Activating ISA DMA hang workarounds
[    0.715413] Unpacking initramfs...
[    1.048058] Freeing initrd memory: 14880K
[    1.049225] clocksource: tsc: mask: 0xffffffffffffffff max_cycles: 0x271782d3887, max_idle_ns: 440795314643 ns
[    1.051967] platform rtc_cmos: registered platform RTC device (no PNP device found)
[    1.053728] Scanning for low memory corruption every 60 seconds
[    1.056472] audit: initializing netlink subsys (disabled)
[    1.058073] audit: type=2000 audit(1585317381.852:1): initialized
[    1.060028] Initialise system trusted keyring
[    1.061121] HugeTLB registered 2 MB page size, pre-allocated 0 pages
[    1.063680] zbud: loaded
[    1.064611] VFS: Disk quotas dquot_6.6.0
[    1.065722] VFS: Dquot-cache hash table entries: 512 (order 0, 4096 bytes)
[    1.067349] squashfs: version 4.0 (2009/01/31) Phillip Lougher
[    1.068861] fuse init (API version 7.23)
[    1.069857] Key type big_key registered
[    1.070639] Allocating IMA MOK and blacklist keyrings.
[    1.074126] Key type asymmetric registered
[    1.075513] Asymmetric key parser 'x509' registered
[    1.076781] Block layer SCSI generic (bsg) driver version 0.4 loaded (major 249)
[    1.078389] io scheduler noop registered
[    1.079361] io scheduler deadline registered (default)
[    1.080505] io scheduler cfq registered
[    1.081560] pci_hotplug: PCI Hot Plug PCI Core version: 0.5
[    1.082759] pciehp: PCI Express Hot Plug Controller Driver version: 0.4
[    1.084344] ACPI: AC Adapter [AC] (off-line)
[    1.085221] input: Power Button as /devices/LNXSYSTM:00/LNXPWRBN:00/input/input0
[    1.086934] ACPI: Power Button [PWRF]
[    1.088066] input: Sleep Button as /devices/LNXSYSTM:00/LNXSLPBN:00/input/input1
[    1.090458] ACPI: Sleep Button [SLPF]
[    1.092380] GHES: HEST is not enabled!
[    1.093104] ACPI: Battery Slot [BAT0] (battery present)
[    1.094655] Serial: 8250/16550 driver, 32 ports, IRQ sharing enabled
[    1.116469] 00:02: ttyS0 at I/O 0x3f8 (irq = 4, base_baud = 115200) is a 16550A
[    1.120549] Linux agpgart interface v0.103
[    1.124297] loop: module loaded
[    1.126307] scsi host0: ata_piix
[    1.127456] scsi host1: ata_piix
[    1.128189] ata1: PATA max UDMA/33 cmd 0x1f0 ctl 0x3f6 bmdma 0xd000 irq 14
[    1.129527] ata2: PATA max UDMA/33 cmd 0x170 ctl 0x376 bmdma 0xd008 irq 15
[    1.130827] libphy: Fixed MDIO Bus: probed
[    1.131792] tun: Universal TUN/TAP device driver, 1.6
[    1.132988] tun: (C) 1999-2004 Max Krasnyansky <maxk@qualcomm.com>
[    1.134355] PPP generic driver version 2.4.2
[    1.135303] ehci_hcd: USB 2.0 'Enhanced' Host Controller (EHCI) Driver
[    1.136470] ehci-pci: EHCI PCI platform driver
[    1.137628] ehci-platform: EHCI generic platform driver
[    1.139565] ohci_hcd: USB 1.1 'Open' Host Controller (OHCI) Driver
[    1.141388] ohci-pci: OHCI PCI platform driver
[    1.143092] ohci-platform: OHCI generic platform driver
[    1.144173] uhci_hcd: USB Universal Host Controller Interface driver
[    1.145414] i8042: PNP: PS/2 Controller [PNP0303:PS2K,PNP0f03:PS2M] at 0x60,0x64 irq 1,12
[    1.147518] serio: i8042 KBD port at 0x60,0x64 irq 1
[    1.148612] serio: i8042 AUX port at 0x60,0x64 irq 12
[    1.149860] mousedev: PS/2 mouse device common for all mice
[    1.151356] input: AT Translated Set 2 keyboard as /devices/platform/i8042/serio0/input/input2
[    1.153619] rtc_cmos rtc_cmos: rtc core: registered rtc_cmos as rtc0
[    1.154795] rtc_cmos rtc_cmos: alarms up to one day, 114 bytes nvram
[    1.157029] i2c /dev entries driver
[    1.158585] device-mapper: uevent: version 1.0.3
[    1.159657] device-mapper: ioctl: 4.34.0-ioctl (2015-10-28) initialised: dm-devel@redhat.com
[    1.161271] ledtrig-cpu: registered to indicate activity on CPUs
[    1.163085] NET: Registered protocol family 10
[    1.164303] NET: Registered protocol family 17
[    1.165198] Key type dns_resolver registered
[    1.166461] registered taskstats version 1
[    1.167423] Loading compiled-in X.509 certificates
[    1.168979] Loaded X.509 cert 'Build time autogenerated kernel key: 2501974cc66248a18f8fa54aaac948a5171f77fb'
[    1.170987] zswap: loaded using pool lzo/zbud
[    1.175503] Key type trusted registered
[    1.179488] Key type encrypted registered
[    1.180321] AppArmor: AppArmor sha1 policy hashing enabled
[    1.181305] ima: No TPM chip found, activating TPM-bypass!
[    1.182372] ima: Allocated hash algorithm: sha1
[    1.183540] evm: HMAC attrs: 0x1
[    1.184564]   Magic number: 12:280:939
[    1.185616] rtc_cmos rtc_cmos: setting system clock to 2020-03-27 13:56:17 UTC (1585317377)
[    1.187470] BIOS EDD facility v0.16 2004-Jun-25, 0 devices found
[    1.189048] EDD information not available.
[    1.321417] Freeing unused kernel memory: 1488K
[    1.323454] Write protecting the kernel read-only data: 14336k
[    1.325946] Freeing unused kernel memory: 1604K
[    1.327262] Freeing unused kernel memory: 64K
Loading, please wait...
starting version 229
[    1.344873] random: systemd-udevd: uninitialized urandom read (16 bytes read, 3 bits of entropy available)
[    1.345377] random: udevadm: uninitialized urandom read (16 bytes read, 3 bits of entropy available)
[    1.345396] random: udevadm: uninitialized urandom read (16 bytes read, 3 bits of entropy available)
[    1.352201] random: systemd-udevd: uninitialized urandom read (16 bytes read, 3 bits of entropy available)
[    1.353690] random: udevadm: uninitialized urandom read (16 bytes read, 3 bits of entropy available)
[    1.353747] random: udevadm: uninitialized urandom read (16 bytes read, 3 bits of entropy available)
[    1.353911] random: udevadm: uninitialized urandom read (16 bytes read, 3 bits of entropy available)
[    1.353969] random: udevadm: uninitialized urandom read (16 bytes read, 3 bits of entropy available)
[    1.354027] random: udevadm: uninitialized urandom read (16 bytes read, 3 bits of entropy available)
[    1.354086] random: udevadm: uninitialized urandom read (16 bytes read, 3 bits of entropy available)
[    1.411889] e1000: Intel(R) PRO/1000 Network Driver - version 7.3.21-k8-NAPI
[    1.413341] e1000: Copyright (c) 1999-2006 Intel Corporation.
[    1.419439] Fusion MPT base driver 3.04.20
[    1.420293] Copyright (c) 1999-2008 LSI Corporation
[    1.427427] Fusion MPT SPI Host driver 3.04.20
[    1.439981] AVX2 version of gcm_enc/dec engaged.
[    1.442303] AES CTR mode by8 optimization enabled
[    1.631319] input: ImExPS/2 Generic Explorer Mouse as /devices/platform/i8042/serio1/input/input4
[    1.909456] e1000 0000:00:03.0 eth0: (PCI:33MHz:32-bit) 02:1b:c5:10:6b:e2
[    1.912270] e1000 0000:00:03.0 eth0: Intel(R) PRO/1000 Network Connection
[    1.914581] mptbase: ioc0: Initiating bringup
[    1.979961] ioc0: LSI53C1030 A0: Capabilities={Initiator}
[    2.153517] scsi host2: ioc0: LSI53C1030 A0, FwRev=00000000h, Ports=1, MaxQ=256, IRQ=20
[    2.267932] scsi 2:0:0:0: Direct-Access     VBOX     HARDDISK         1.0  PQ: 0 ANSI: 5
[    2.269941] scsi target2:0:0: Beginning Domain Validation
[    2.273783] scsi target2:0:0: Domain Validation skipping write tests
[    2.279646] scsi target2:0:0: Ending Domain Validation
[    2.280896] scsi target2:0:0: asynchronous
[    2.282248] scsi 2:0:1:0: Direct-Access     VBOX     HARDDISK         1.0  PQ: 0 ANSI: 5
[    2.283905] scsi target2:0:1: Beginning Domain Validation
[    2.286177] scsi target2:0:1: Domain Validation skipping write tests
[    2.287769] scsi target2:0:1: Ending Domain Validation
[    2.290289] scsi target2:0:1: asynchronous
[    2.316035] sd 2:0:0:0: Attached scsi generic sg0 type 0
[    2.337126] sd 2:0:0:0: [sda] 20971520 512-byte logical blocks: (10.7 GB/10.0 GiB)
[    2.339849] sd 2:0:0:0: [sda] Write Protect is off
[    2.344536] sd 2:0:1:0: Attached scsi generic sg1 type 0
[    2.346676] sd 2:0:0:0: [sda] Incomplete mode parameter data
[    2.348354] sd 2:0:0:0: [sda] Assuming drive cache: write through
[    2.350010] sd 2:0:1:0: [sdb] 20480 512-byte logical blocks: (10.5 MB/10.0 MiB)
[    2.352366] sd 2:0:1:0: [sdb] Write Protect is off
[    2.353910] sd 2:0:1:0: [sdb] Incomplete mode parameter data
[    2.356696] sd 2:0:1:0: [sdb] Assuming drive cache: write through
[    2.364866]  sda: sda1
[    2.366396] sd 2:0:0:0: [sda] Attached SCSI disk
[    2.368366] sd 2:0:1:0: [sdb] Attached SCSI disk
[    3.070513] e1000 0000:00:08.0 eth1: (PCI:33MHz:32-bit) 08:00:27:ba:b1:9a
[    3.079134] e1000 0000:00:08.0 eth1: Intel(R) PRO/1000 Network Connection
[    3.104153] e1000 0000:00:03.0 enp0s3: renamed from eth0
[    3.154870] e1000 0000:00:08.0 enp0s8: renamed from eth1
Begin: Loading essential drivers ... [    4.815531] md: linear personality registered for level -1
[    4.820477] md: multipath personality registered for level -4
[    4.829903] md: raid0 personality registered for level 0
[    4.842258] md: raid1 personality registered for level 1
[    4.915454] raid6: sse2x1   gen()  8134 MB/s
[    4.983750] raid6: sse2x1   xor()  6184 MB/s
[    5.051126] raid6: sse2x2   gen()  6198 MB/s
[    5.119551] raid6: sse2x2   xor()  5887 MB/s
[    5.187310] raid6: sse2x4   gen()  9237 MB/s
[    5.255754] raid6: sse2x4   xor()  6833 MB/s
[    5.331259] raid6: avx2x1   gen() 12605 MB/s
[    5.399058] raid6: avx2x2   gen() 14471 MB/s
[    5.467403] raid6: avx2x4   gen() 19379 MB/s
[    5.468436] raid6: using algorithm avx2x4 gen() 19379 MB/s
[    5.469872] raid6: using avx2x2 recovery algorithm
[    5.473945] xor: automatically using best checksumming function:
[    5.515683]    avx       : 21498.000 MB/sec
[    5.517785] async_tx: api initialized (async)
[    5.534493] md: raid6 personality registered for level 6
[    5.535688] md: raid5 personality registered for level 5
[    5.536830] md: raid4 personality registered for level 4
[    5.546663] md: raid10 personality registered for level 10
done.
Begin: Running /scripts/init-premount ... done.
Begin: Mounting root file system ... Begin: Running /scripts/local-top ... done.
Begin: Running /scripts/local-premount ... [    5.583264] Btrfs loaded
Scanning for Btrfs filesystems
done.
Warning: fsck not present, so skipping root file system
[    5.621616] EXT4-fs (sda1): mounted filesystem with ordered data mode. Opts: (null)
done.
Begin: Running /scripts/local-bottom ... done.
Begin: Running /scripts/init-bottom ... done.
[    5.733546] systemd[1]: systemd 229 running in system mode. (+PAM +AUDIT +SELINUX +IMA +APPARMOR +SMACK +SYSVINIT +UTMP +LIBCRYPTSETUP +GCRYPT +GNUTLS +ACL +XZ -LZ4 +SECCOMP +BLKID +ELFUTILS +KMOD -IDN)
[    5.736850] systemd[1]: Detected virtualization oracle.
[    5.738650] systemd[1]: Detected architecture x86-64.

Welcome to [1mUbuntu 16.04.6 LTS[0m!

[    5.751713] systemd[1]: Set hostname to <ubuntu>.
[    5.756258] systemd[1]: Initializing machine ID from random generator.
[    5.758259] systemd[1]: Installed transient /etc/machine-id file.
[    5.933338] systemd[1]: Set up automount Arbitrary Executable File Formats File System Automount Point.
[[0;32m  OK  [0m] Set up automount Arbitrary Executab...ats File System Automount Point.
[    5.936797] systemd[1]: Reached target System Time Synchronized.
[[0;32m  OK  [0m] Reached target System Time Synchronized.
[    5.939692] systemd[1]: Listening on /dev/initctl Compatibility Named Pipe.
[[0;32m  OK  [0m] Listening on /dev/initctl Compatibility Named Pipe.
[    5.943373] systemd[1]: Listening on Journal Audit Socket.
[[0;32m  OK  [0m] Listening on Journal Audit Socket.
[    5.945858] systemd[1]: Started Trigger resolvconf update for networkd DNS.
[[0;32m  OK  [0m] Started Trigger resolvconf update for networkd DNS.
[    5.948587] systemd[1]: Started Forward Password Requests to Wall Directory Watch.
[[0;32m  OK  [0m] Started Forward Password Requests to Wall Directory Watch.
[    5.952284] systemd[1]: Created slice User and Session Slice.
[[0;32m  OK  [0m] Created slice User and Session Slice.
[    5.955376] systemd[1]: Listening on udev Kernel Socket.
[[0;32m  OK  [0m] Listening on udev Kernel Socket.
[    5.966155] systemd[1]: Listening on Syslog Socket.
[[0;32m  OK  [0m] Listening on Syslog Socket.
[    5.977717] systemd[1]: Reached target Encrypted Volumes.
[[0;32m  OK  [0m] Reached target Encrypted Volumes.
[    6.008817] systemd[1]: Listening on LVM2 poll daemon socket.
[[0;32m  OK  [0m] Listening on LVM2 poll daemon socket.
[    6.036250] systemd[1]: Listening on Journal Socket.
[[0;32m  OK  [0m] Listening on Journal Socket.
[    6.060542] systemd[1]: Listening on Journal Socket (/dev/log).
[[0;32m  OK  [0m] Listening on Journal Socket (/dev/log).
[    6.071242] systemd[1]: Reached target Swap.
[[0;32m  OK  [0m] Reached target Swap.
[    6.105362] systemd[1]: Created slice System Slice.
[[0;32m  OK  [0m] Created slice System Slice.
[    6.140649] systemd[1]: Mounting POSIX Message Queue File System...
         Mounting POSIX Message Queue File System...
[    6.149026] systemd[1]: Starting Uncomplicated firewall...
         Starting Uncomplicated firewall...
[    6.152716] systemd[1]: Starting Nameserver information manager...
         Starting Nameserver information manager...
[    6.164261] systemd[1]: Starting Journal Service...
         Starting Journal Service...
[    6.167711] systemd[1]: Starting Set console keymap...
         Starting Set console keymap...
[    6.171547] systemd[1]: Reached target Slices.
[[0;32m  OK  [0m] Reached target Slices.
[    6.181611] systemd[1]: Created slice system-serial\x2dgetty.slice.
[[0;32m  OK  [0m] Created slice system-serial\x2dgetty.slice.
[    6.195985] systemd[1]: Starting Remount Root and Kernel File Systems...
         Starting Remount Root and Kernel File Systems...
[    6.216984] systemd[1]: Starting Create list of required static device nodes for the current kernel...
         Startin[    6.220110] EXT4-fs (sda1): re-mounted. Opts: (null)
g Create list of required st... nodes for the current kernel...
[    6.247856] systemd[1]: Mounting Huge Pages File System...
         Mounting Huge Pages File System...
[    6.250003] systemd[1]: Reached target User and Group Name Lookups.
[[0;32m  OK  [0m] Reached target User and Group Name Lookups.
[    6.253606] systemd[1]: Mounting Debug File System...
         Mounting Debug File System...
[    6.268058] systemd[1]: Listening on udev Control Socket.
[[0;32m  OK  [0m] Listening on udev Control Socket.
[    6.271062] systemd[1]: Listening on Device-mapper event daemon FIFOs.
[[0;32m  OK  [0m] Listening on Device-mapper event daemon FIFOs.
[    6.281327] systemd[1]: Listening on LVM2 metadata daemon socket.
[[0;32m  OK  [0m] Listening on LVM2 metadata daemon socket.
[    6.295410] systemd[1]: Starting Monitoring of LVM2 mirrors, snapshots etc. using dmeventd or progress polling...
         Starting Monitoring of LVM2 mirrors... dmeventd or progress polling...
[    6.301276] systemd[1]: Starting Load Kernel Modules...
         Starting Load Kernel Modules...
[    6.313220] systemd[1]: Mounted Debug File System.
[[0;32m  OK  [0m] Mounted Debug File System.
[    6.317381] systemd[1]: Mounted POSIX Message Queue File System.
[[0;32m  OK  [0m] Mounted POSIX Message Queue File System.
[    6.327258] systemd[1]: Mounted Huge Pages File System.
[[0;32m  OK  [0m] Mounted Huge Pages File System.
[    6.332193] Loading iSCSI transport class v2.0-870.
[    6.332335] systemd[1]: Started Journal Service.
[[0;32m  OK  [0m] Started Journal Service.
[[0;32m  OK  [0m] Started Uncomplicated firewall.
[[0;32m  OK  [0m] Started Set console keymap.
[[0;32m  OK  [0m] Started Remount Root and Kernel File Systems.
[    6.368457] iscsi: registered transport (tcp)
[[0;32m  OK  [0m] Started Create list of required sta...ce nodes for the current kernel.
[[0;32m  OK  [0m] Started Nameserver information manager.
[[0;32m  OK  [0m] Started LVM2 metadata daemon.
         Starting Create Static Device Nodes in /dev...
         Starting udev Coldplug all Devices...
         Starting Load/Save Random Seed...
         Starting Flush Journal to Persistent Storage...
[[0;32m  OK  [0m] Started Load/Save Random Seed.
[    6.448395] systemd-journald[377]: Received request to flush runtime journal from PID 1
[    6.453578] iscsi: registered transport (iser)
[[0;32m  OK  [0m] Started Flush Journal to Persistent Storage.
[[0;32m  OK  [0m] Started Load Kernel Modules.
         Mounting FUSE Control File System...
         Starting Apply Kernel Variables...
[[0;32m  OK  [0m] Mounted FUSE Control File System.
[    6.495187] random: nonblocking pool is initialized
[[0;32m  OK  [0m] Started Apply Kernel Variables.
[[0;32m  OK  [0m] Started Create Static Device Nodes in /dev.
         Starting udev Kernel Device Manager...
[[0;32m  OK  [0m] Started udev Coldplug all Devices.
[[0;32m  OK  [0m] Started udev Kernel Device Manager.
[[0;32m  OK  [0m] Started Dispatch Password Requests to Console Directory Watch.
[[0;32m  OK  [0m] Started Monitoring of LVM2 mirrors,...ng dmeventd or progress polling.
[[0;32m  OK  [0m] Reached target Local File Systems (Pre).
[[0;32m  OK  [0m] Reached target Local File Systems.
         Starting Tell Plymouth To Write Out Runtime Data...
         Starting Create Volatile Files and Directories...
         Starting Set console font and keymap...
         Starting Commit a transient machine-id on disk...
         Starting Initial cloud-init job (pre-networking)...
         Starting LSB: AppArmor initialization...
[[0;32m  OK  [0m] Started Tell Plymouth To Write Out Runtime Data.
[[0;32m  OK  [0m] Started Create Volatile Files and Directories.
[[0;32m  OK  [0m] Found device /dev/ttyS0.
         Starting Update UTMP about System Boot/Shutdown...
[[0;32m  OK  [0m] Started Update UTMP about System Boot/Shutdown.
[[0;32m  OK  [0m] Started Commit a transient machine-id on disk.
[[0;32m  OK  [0m] Listening on Load/Save RF Kill Switch Status /dev/rfkill Watch.
[[0;32m  OK  [0m] Started LSB: AppArmor initialization.
[    9.927410] cloud-init[521]: Cloud-init v. 19.4-33-gbb4131a2-0ubuntu1~16.04.1 running 'init-local' at Fri, 27 Mar 2020 13:56:25 +0000. Up 9.29 seconds.
[[0;32m  OK  [0m] Started Initial cloud-init job (pre-networking).
[[0;32m  OK  [0m] Reached target Network (Pre).
         Starting Raise network interfaces...
[[0;32m  OK  [0m] Started Set console font and keymap.
[[0;32m  OK  [0m] Created slice system-getty.slice.
[[0;32m  OK  [0m] Started Raise network interfaces.
         Starting Initial cloud-init job (metadata service crawler)...
[[0;32m  OK  [0m] Reached target Network.
[   11.907510] cloud-init[976]: Cloud-init v. 19.4-33-gbb4131a2-0ubuntu1~16.04.1 running 'init' at Fri, 27 Mar 2020 13:56:27 +0000. Up 11.03 seconds.
[   11.909644] cloud-init[976]: ci-info: ++++++++++++++++++++++++++++++++++++++Net device info+++++++++++++++++++++++++++++++++++++++
[   11.912420] cloud-init[976]: ci-info: +--------+-------+----------------------------+---------------+--------+-------------------+
[   11.915787] cloud-init[976]: ci-info: | Device |   Up  |          Address           |      Mask     | Scope  |     Hw-Address    |
[   11.919087] cloud-init[976]: ci-info: +--------+-------+----------------------------+---------------+--------+-------------------+
[   11.921448] cloud-init[976]: ci-info: | enp0s3 |  True |         10.0.2.15          | 255.255.255.0 | global | 02:1b:c5:10:6b:e2 |
[   11.923253] cloud-init[976]: ci-info: | enp0s3 |  True | fe80::1b:c5ff:fe10:6be2/64 |       .       |  link  | 02:1b:c5:10:6b:e2 |
[   11.925505] cloud-init[976]: ci-info: | enp0s8 | False |             .              |       .       |   .    | 08:00:27:ba:b1:9a |
[   11.927798] cloud-init[976]: ci-info: |   lo   |  True |         127.0.0.1          |   255.0.0.0   |  host  |         .         |
[   11.930129] cloud-init[976]: ci-info: |   lo   |  True |          ::1/128           |       .       |  host  |         .         |
[   11.934261] cloud-init[976]: ci-info: +--------+-------+----------------------------+---------------+--------+-------------------+
[   11.937354] cloud-init[976]: ci-info: +++++++++++++++++++++++++++Route IPv4 info++++++++++++++++++++++++++++
[   11.939342] cloud-init[976]: ci-info: +-------+-------------+----------+---------------+-----------+-------+
[   11.941315] cloud-init[976]: ci-info: | Route | Destination | Gateway  |    Genmask    | Interface | Flags |
[   11.944553] cloud-init[976]: ci-info: +-------+-------------+----------+---------------+-----------+-------+
[   11.946629] cloud-init[976]: ci-info: |   0   |   0.0.0.0   | 10.0.2.2 |    0.0.0.0    |   enp0s3  |   UG  |
[   11.949080] cloud-init[976]: ci-info: |   1   |   10.0.2.0  | 0.0.0.0  | 255.255.255.0 |   enp0s3  |   U   |
[   11.952447] cloud-init[976]: ci-info: +-------+-------------+----------+---------------+-----------+-------+
[   11.954192] cloud-init[976]: ci-info: +++++++++++++++++++Route IPv6 info+++++++++++++++++++
[   11.956031] cloud-init[976]: ci-info: +-------+-------------+---------+-----------+-------+
[   11.958302] cloud-init[976]: ci-info: | Route | Destination | Gateway | Interface | Flags |
[   11.960157] cloud-init[976]: ci-info: +-------+-------------+---------+-----------+-------+
[   11.962452] cloud-init[976]: ci-info: |   0   |  fe80::/64  |    ::   |   enp0s3  |   U   |
[   11.965542] cloud-init[976]: ci-info: |   3   |   ff00::/8  |    ::   |   enp0s3  |   U   |
[   11.968852] cloud-init[976]: ci-info: +-------+-------------+---------+-----------+-------+
[   11.970231] cloud-init[976]: Generating public/private rsa key pair.
[   11.971993] [[0;32m  OK  [0m] Started Initial cloud-init job (metadata service crawler).
[[0;32m  OK  [0m] Reached target Cloud-config availability.
cloud-init[976]: Your identification has been saved in /etc/ssh/ssh_host_rsa_key.
[   11.975072] cloud-init[[0;32m  OK  [0m] Reached target Network is Online.
[976]: Your public key has been saved in /etc/ssh/ssh_host_rsa_key.pub.
[   11.978154] cloud-init[976]: The key fingerprint is:
[   11.979227] cloud-init[976]: SHA256:Kbn2OINsR6YG0XKm9sP0RxNiPQERSdymKs7kGaQmRUg root@ubuntu-xenial
[   11.985845] cloud-init         Starting iSCSI initiator daemon (iscsid)...
[[0;32m  OK  [0m] Reached target System Initialization.
[976]: The key's randomart image is:
[   11.993770] cloud-init[976]: +---[RSA 2048]----+
[   11.994093] cloud-init[976]: |.E   o=*         |
[   11.994575] cloud-init[976]: |. .   o +        |
[   11.994924] cloud-init[976]: | . .   + .       |
[   11.995262] cloud-init[976]: |  = + +.+.       |
[   11.995587] cloud-init[976]: | + * oo.So       |
         Starting Socket activation for snappy daemon.
[[0;32m  OK  [0m] Listening on ACPID Listen Socket.
[[0;32m  OK  [0m] Listening on UUID daemon activation socket.
[[0;32m  OK  [0m] Started Message of the Day.
[[0;32m  OK  [0m] Started Daily Cleanup of Temporary Directories.
[[0;32m  OK  [0m] Started Daily apt download activities.
[[0;32m  OK  [0m] Started Daily apt upgrade and clean activities.
[[0;32m  OK  [0m] Reached target Timers.
[   11.995726] cloud-init[976]: |o.B o ooo        |
[   12.014746] cloud-init[976]: |o* X *o. .       |
[   12.016232] cloud-init[976]: |  = X.=o.        |
[   12.016465] cloud-init[976]: |   o o.+.        |
[   12.016970] cloud-init[976]: +----[SHA256]-----+
[   12.018923] cloud-init[976]: Generating public/private dsa key pair.
[   12.020348] cloud-init[976]: Your identification has been saved in /etc/ssh/ssh_host_dsa_key.
[   12.020654] cloud-init[976]: Your public key has been saved in /etc/ssh/ssh_host_dsa_key.pub.
[   12.020988] cloud-init[976]: The key fingerprint is:
[   12.021699] cloud-init[976]: SHA256:zsCv+cFlCPh+cnLjGaUTq0jUS/0qzxaPcWCvDkH8ivI root@ubuntu-xenial
[   12.021786] cloud-init[976]: The key's randomart image is:
[   12.021821] cloud-init[976]: +---[DSA 1024]----+
[   12.021853] cloud-init[976]: |                 |
[   12.021884] cloud-init[976]: |     o           |
[   12.021921] cloud-init[976]: |    . +          |
[   12.021952] cloud-init[976]: |     = +o.       |
[   12.021982] cloud-init[976]: |    . B.So+      |
[   12.022018] cloud-init[976]: |   . + XoOo      |
[   12.022049] cloud-init[976]: |  . o B /B.      |
[   12.022079] cloud-init[976]: |   + ..&+B.      |
[   12.022114] cloud-init[976]: |    E +*O        |
[   12.022154] cloud-init[976]: +----[SHA256]-----+
[   12.022197] cloud-init[976]: Generating public/private ecdsa key pair.
[   12.022279] cloud-init[976]: Your identification has been saved in /etc/ssh/ssh_host_ecdsa_key.
[   12.022757] cloud-init[976]: Your public key has been saved in /etc/ssh/ssh_host_ecdsa_key.pub.
[   12.023215] cloud-init[976]: The key fingerprint is:
[   12.023418] cloud-init[976]: SHA256:LtLMeIOc+b9UZ2WtRRh8UMO/mp+qhRvBZ4kTr01lEUo root@ubuntu-xenial
[   12.023852] cloud-init[976]: The key's randomart image is:
[   12.023902] cloud-init[976]: +---[ECDSA 256]---+
[   12.023952] cloud-init[976]: |             E+O+|
[   12.024288] cloud-init[976]: |            . +++|
[   12.025302] cloud-init[976]: |           . .o++|
[   12.025746] cloud-init[976]: |          . +o+o.|
[   12.027288] cloud-init[976]: |        S .=o*. .|
[   12.027679] cloud-init[976]: |   . O . . oX  . |
[   12.028328] cloud-init[976]: |    B B o  + oo  |
[   12.028648] cloud-init[976]: |     + +    +o  .|
[   12.028969] cloud-init[976]: |      ..o. o..oo |
[   12.029384] cloud-init[976]: +----[SHA256]-----+
[   12.029700] cloud-init[976]: Generating public/private ed25519 key pair.
[   12.029863] cloud-init[976]: Your identification has been saved in /etc/ssh/ssh_host_ed25519_key.
[   12.029917] cloud-init[976]: Your public key has been saved in /etc/ssh/ssh_host_ed25519_key.pub.
[   12.030499] cloud-init[976]: The key fingerprint is:
[   12.030621] cloud-init[976]: SHA256:SFNo6MjFIoOChJrbfJdZPrBwrkdetMqqNFKStrFFEYg root@ubuntu-xenial
[   12.030691] cloud-init[976]: The key's randomart image is:
[   12.030742] cloud-init[976]: +--[ED25519 256]--+
[   12.030910] cloud-init[976]: |*..+.. ..        |
[   12.031505] cloud-init[976]: |E.. = o.         |
[   12.031925] cloud-init[976]: |o= * .o          |
[[0;32m  OK  [0m] Started ACPI Events Check.
[[   12.033859] cloud-init[976]: |o.+ o.ooo        |
[   12.056667] cloud-init[976]: |o*.. +.OS.       |
[0;32m  OK  [0m] Reached target Paths.
[[   12.056951] cloud-init[976]: |ooB . B =        |
[   12.058802] cloud-init[976]: |.oo. * o .       |
[   12.059109] cloud-init[976]: | o .. =          |
[   12.059470] cloud-init[976]: |  ...o           |
[0;32m  OK  [0m] Listening on D-Bus System Message Bus Socket.
[   12.059725] cloud-init[976]: +----[SHA256]-----+
         Starting LXD - unix socket.
[[0;32m  OK  [0m] Listening on Socket activation for snappy daemon.
[[0;32m  OK  [0m] Listening on LXD - unix socket.
[[0;32m  OK  [0m] Reached target Sockets.
[[0;32m  OK  [0m] Reached target Basic System.
         Starting LSB: Record successful boot for GRUB...
         Starting /etc/rc.local Compatibility...
[[0;32m  OK  [0m] Started ACPI event daemon.
         Starting System Logging Service...
         Starting Virtualbox guest utils...
         Starting Pollinate to seed the pseudo random number generator...
[[0;32m  OK  [0m] Started D-Bus System Message Bus.
         Starting Snappy daemon...
[[0;32m  OK  [0m] Started Deferred execution scheduler.
         Starting LXD - container startup/shutdown...
[[0;32m  OK  [0m] Started Regular background program processing daemon.
[[0;32m  OK  [0m] Started FUSE filesystem for LXC.
         Starting Login Service...
         Starting LSB: MD monitoring daemon...
         Starting Accounts Service...
[[0;32m  OK  [0m] Started System Logging Service.
[[0;32m  OK  [0m] Started iSCSI initiator daemon (iscsid).
[[0;32m  OK  [0m] Started /etc/rc.local Compatibility.
         Starting Login to default iSCSI targets...
[[0;32m  OK  [0m] Started Login Service.
[[0;32m  OK  [0m] Started Unattended Upgrades Shutdown.
[[0;32m  OK  [0m] Started LSB: Record successful boot for GRUB.
[[0;32m  OK  [0m] Started LSB: MD monitoring daemon.
[[0;32m  OK  [0m] Started Login to default iSCSI targets.
[[0;32m  OK  [0m] Reached target Remote File Systems (Pre).
[[0;32m  OK  [0m] Reached target Remote File Systems.
         Starting LSB: daemon to balance interrupts for SMP systems...
         Starting LSB: automatic crash report generation...
         Starting LSB: Set the CPU Frequency Scaling governor to "ondemand"...
         Starting Permit User Sessions...
[[0;32m  OK  [0m] Started Permit User Sessions.
         Starting Hold until boot process finishes up...
         Starting Terminate Plymouth Boot Screen...
[[0;32m  OK  [0m] Started Hold until boot process finishes up.
[[0;32m  OK  [0m] Started Serial Getty on ttyS0.
         Starting Set console scheme...
[[0;32m  OK  [0m] Started Getty on tty1.
[[0;32m  OK  [0m] Reached target Login Prompts.
[[0;32m  OK  [0m] Started Terminate Plymouth Boot Screen.
[[0;32m  OK  [0m] Started Set console scheme.
         Starting Authenticate and Authorize Users to Run Privileged Tasks...
[[0;32m  OK  [0m] Started LSB: Set the CPU Frequency Scaling governor to "ondemand".
[[0;32m  OK  [0m] Started Virtualbox guest utils.
[[0;32m  OK  [0m] Started LSB: daemon to balance interrupts for SMP systems.
[[0;32m  OK  [0m] Started LSB: automatic crash report generation.
[[0;32m  OK  [0m] Started Authenticate and Authorize Users to Run Privileged Tasks.
[[0;32m  OK  [0m] Started Accounts Service.
[[0;32m  OK  [0m] Started LXD - container startup/shutdown.
[[0;32m  OK  [0m] Started Snappy daemon.
         Starting Wait until snapd is fully seeded...
[[0;32m  OK  [0m] Started Pollinate to seed the pseudo random number generator.
         Starting OpenBSD Secure Shell server...
[[0;32m  OK  [0m] Started OpenBSD Secure Shell server.
[[0;32m  OK  [0m] Created slice User Slice of vagrant.
         Starting User Manager for UID 1000...
[[0;32m  OK  [0m] Started Session 1 of user vagrant.
[[0;32m  OK  [0m] Started User Manager for UID 1000.
[[0;32m  OK  [0m] Started Wait until snapd is fully seeded.
[[0;32m  OK  [0m] Reached target Multi-User System.
[[0;32m  OK  [0m] Reached target Graphical Interface.
         Starting Update UTMP about System Runlevel Changes...
         Starting Apply the settings specified in cloud-config...
[[0;32m  OK  [0m] Started Update UTMP about System Runlevel Changes.
[   16.024349] cloud-init[1397]: Generating locales (this might take a while)...
[   18.095222] cloud-init[1397]:   en_US.UTF-8... done
[   18.096247] cloud-init[1397]: Generation complete.
[   18.622005] cloud-init[1397]: Cloud-init v. 19.4-33-gbb4131a2-0ubuntu1~16.04.1 running 'modules:config' at Fri, 27 Mar 2020 13:56:32 +0000. Up 15.72 seconds.

Ubuntu 16.04.6 LTS ubuntu-xenial ttyS0

ubuntu-xenial login: ci-info: no authorized SSH keys fingerprints found for user ubuntu.
<14>Mar 27 13:56:36 ec2: 
<14>Mar 27 13:56:36 ec2: #############################################################
<14>Mar 27 13:56:36 ec2: -----BEGIN SSH HOST KEY FINGERPRINTS-----
<14>Mar 27 13:56:36 ec2: 1024 SHA256:zsCv+cFlCPh+cnLjGaUTq0jUS/0qzxaPcWCvDkH8ivI root@ubuntu-xenial (DSA)
<14>Mar 27 13:56:36 ec2: 256 SHA256:LtLMeIOc+b9UZ2WtRRh8UMO/mp+qhRvBZ4kTr01lEUo root@ubuntu-xenial (ECDSA)
<14>Mar 27 13:56:36 ec2: 256 SHA256:SFNo6MjFIoOChJrbfJdZPrBwrkdetMqqNFKStrFFEYg root@ubuntu-xenial (ED25519)
<14>Mar 27 13:56:36 ec2: 2048 SHA256:Kbn2OINsR6YG0XKm9sP0RxNiPQERSdymKs7kGaQmRUg root@ubuntu-xenial (RSA)
<14>Mar 27 13:56:36 ec2: -----END SSH HOST KEY FINGERPRINTS-----
<14>Mar 27 13:56:36 ec2: #############################################################
-----BEGIN SSH HOST KEY KEYS-----
ecdsa-sha2-nistp256 AAAAE2VjZHNhLXNoYTItbmlzdHAyNTYAAAAIbmlzdHAyNTYAAABBBHf9gVraUW77+tmBQ/sJdm4J78+s5Nu7uuA+CxuLOSeNwBu7KMKlBB1WTz9b5rM68JYObfPN6q0LOHvRLf+OE1g= root@ubuntu-xenial
ssh-ed25519 AAAAC3NzaC1lZDI1NTE5AAAAIIxweMoVGcJHRPp0LDMMMKAF6zm3I2aie5O9on0z5eCW root@ubuntu-xenial
ssh-rsa AAAAB3NzaC1yc2EAAAADAQABAAABAQCt+2O6KUganrAzadcGe5qNpjrKTuMIaCN2qpePf/idXS9rwGdxQEVGTg03woaBPC5IXI0ERCyj8T6/1JBOmRxfDiiE3X9Xk8kWcGhJZSDZqTopeTekGXSG/E3aVwTC8pVKIIjp6sm3cgcHf5Pr5iDm/GQL8V8BMKITwQY2Bi77/E2nUiOGJgXojCUZMlXI374uVR7p7Um+1m1IZJ+cdXwfZ/NdY8BwN5O84cNViih7UBcICLEPcjy13gMXWXxiOna/NyCqLQdoeBEbNNGw5s08QxT0UfY72QPKk+USpo1XjigNdl+8KhYPnZuGZDsP3rAl3RtuzjR34EqpC1e90UuB root@ubuntu-xenial
-----END SSH HOST KEY KEYS-----
[   19.845727] cloud-init[1561]: Cloud-init v. 19.4-33-gbb4131a2-0ubuntu1~16.04.1 running 'modules:final' at Fri, 27 Mar 2020 13:56:36 +0000. Up 19.54 seconds.
[   19.849697] cloud-init[1561]: ci-info: no authorized SSH keys fingerprints found for user ubuntu.
[   19.859478] cloud-init[1561]: Cloud-init v. 19.4-33-gbb4131a2-0ubuntu1~16.04.1 finished at Fri, 27 Mar 2020 13:56:36 +0000. Datasource DataSourceNoCloud [seed=/dev/sdb][dsmode=net].  Up 19.82 seconds
