[    0.000000] Linux version 4.15.0-76-generic (buildd@lcy01-amd64-029) (gcc version 7.4.0 (Ubuntu 7.4.0-1ubuntu1~18.04.1)) #86-Ubuntu SMP Fri Jan 17 17:24:28 UTC 2020 (Ubuntu 4.15.0-76.86-generic 4.15.18)
[    0.000000] Command line: BOOT_IMAGE=/boot/vmlinuz-4.15.0-76-generic root=LABEL=cloudimg-rootfs ro console=tty1 console=ttyS0
[    0.000000] KERNEL supported cpus:
[    0.000000]   Intel GenuineIntel
[    0.000000]   AMD AuthenticAMD
[    0.000000]   Centaur CentaurHauls
[    0.000000] x86/fpu: Supporting XSAVE feature 0x001: 'x87 floating point registers'
[    0.000000] x86/fpu: Supporting XSAVE feature 0x002: 'SSE registers'
[    0.000000] x86/fpu: Supporting XSAVE feature 0x004: 'AVX registers'
[    0.000000] x86/fpu: xstate_offset[2]:  576, xstate_sizes[2]:  256
[    0.000000] x86/fpu: Enabled xstate features 0x7, context size is 832 bytes, using 'standard' format.
[    0.000000] e820: BIOS-provided physical RAM map:
[    0.000000] BIOS-e820: [mem 0x0000000000000000-0x000000000009fbff] usable
[    0.000000] BIOS-e820: [mem 0x000000000009fc00-0x000000000009ffff] reserved
[    0.000000] BIOS-e820: [mem 0x00000000000f0000-0x00000000000fffff] reserved
[    0.000000] BIOS-e820: [mem 0x0000000000100000-0x000000003ffeffff] usable
[    0.000000] BIOS-e820: [mem 0x000000003fff0000-0x000000003fffffff] ACPI data
[    0.000000] BIOS-e820: [mem 0x00000000fec00000-0x00000000fec00fff] reserved
[    0.000000] BIOS-e820: [mem 0x00000000fee00000-0x00000000fee00fff] reserved
[    0.000000] BIOS-e820: [mem 0x00000000fffc0000-0x00000000ffffffff] reserved
[    0.000000] NX (Execute Disable) protection: active
[    0.000000] SMBIOS 2.5 present.
[    0.000000] DMI: innotek GmbH VirtualBox/VirtualBox, BIOS VirtualBox 12/01/2006
[    0.000000] Hypervisor detected: KVM
[    0.000000] e820: last_pfn = 0x3fff0 max_arch_pfn = 0x400000000
[    0.000000] MTRR: Disabled
[    0.000000] x86/PAT: MTRRs disabled, skipping PAT initialization too.
[    0.000000] CPU MTRRs all blank - virtualized system.
[    0.000000] x86/PAT: Configuration [0-7]: WB  WT  UC- UC  WB  WT  UC- UC  
[    0.000000] found SMP MP-table at [mem 0x0009fff0-0x0009ffff]
[    0.000000] Scanning 1 areas for low memory corruption
[    0.000000] RAMDISK: [mem 0x35a6f000-0x36d2efff]
[    0.000000] ACPI: Early table checksum verification disabled
[    0.000000] ACPI: RSDP 0x00000000000E0000 000024 (v02 VBOX  )
[    0.000000] ACPI: XSDT 0x000000003FFF0030 00003C (v01 VBOX   VBOXXSDT 00000001 ASL  00000061)
[    0.000000] ACPI: FACP 0x000000003FFF00F0 0000F4 (v04 VBOX   VBOXFACP 00000001 ASL  00000061)
[    0.000000] ACPI: DSDT 0x000000003FFF0470 002325 (v02 VBOX   VBOXBIOS 00000002 INTL 20100528)
[    0.000000] ACPI: FACS 0x000000003FFF0200 000040
[    0.000000] ACPI: FACS 0x000000003FFF0200 000040
[    0.000000] ACPI: APIC 0x000000003FFF0240 00005C (v02 VBOX   VBOXAPIC 00000001 ASL  00000061)
[    0.000000] ACPI: SSDT 0x000000003FFF02A0 0001CC (v01 VBOX   VBOXCPUT 00000002 INTL 20100528)
[    0.000000] No NUMA configuration found
[    0.000000] Faking a node at [mem 0x0000000000000000-0x000000003ffeffff]
[    0.000000] NODE_DATA(0) allocated [mem 0x3ffc5000-0x3ffeffff]
[    0.000000] kvm-clock: cpu 0, msr 0:3ff44001, primary cpu clock
[    0.000000] kvm-clock: Using msrs 4b564d01 and 4b564d00
[    0.000000] kvm-clock: using sched offset of 3968103608 cycles
[    0.000000] clocksource: kvm-clock: mask: 0xffffffffffffffff max_cycles: 0x1cd42e4dffb, max_idle_ns: 881590591483 ns
[    0.000000] Zone ranges:
[    0.000000]   DMA      [mem 0x0000000000001000-0x0000000000ffffff]
[    0.000000]   DMA32    [mem 0x0000000001000000-0x000000003ffeffff]
[    0.000000]   Normal   empty
[    0.000000]   Device   empty
[    0.000000] Movable zone start for each node
[    0.000000] Early memory node ranges
[    0.000000]   node   0: [mem 0x0000000000001000-0x000000000009efff]
[    0.000000]   node   0: [mem 0x0000000000100000-0x000000003ffeffff]
[    0.000000] Reserved but unavailable: 98 pages
[    0.000000] Initmem setup node 0 [mem 0x0000000000001000-0x000000003ffeffff]
[    0.000000] ACPI: PM-Timer IO Port: 0x4008
[    0.000000] IOAPIC[0]: apic_id 2, version 32, address 0xfec00000, GSI 0-23
[    0.000000] ACPI: INT_SRC_OVR (bus 0 bus_irq 0 global_irq 2 dfl dfl)
[    0.000000] ACPI: INT_SRC_OVR (bus 0 bus_irq 9 global_irq 9 low level)
[    0.000000] Using ACPI (MADT) for SMP configuration information
[    0.000000] smpboot: Allowing 2 CPUs, 0 hotplug CPUs
[    0.000000] PM: Registered nosave memory: [mem 0x00000000-0x00000fff]
[    0.000000] PM: Registered nosave memory: [mem 0x0009f000-0x0009ffff]
[    0.000000] PM: Registered nosave memory: [mem 0x000a0000-0x000effff]
[    0.000000] PM: Registered nosave memory: [mem 0x000f0000-0x000fffff]
[    0.000000] e820: [mem 0x40000000-0xfebfffff] available for PCI devices
[    0.000000] Booting paravirtualized kernel on KVM
[    0.000000] clocksource: refined-jiffies: mask: 0xffffffff max_cycles: 0xffffffff, max_idle_ns: 7645519600211568 ns
[    0.000000] random: get_random_bytes called from start_kernel+0x99/0x4fd with crng_init=0
[    0.000000] setup_percpu: NR_CPUS:8192 nr_cpumask_bits:2 nr_cpu_ids:2 nr_node_ids:1
[    0.000000] percpu: Embedded 45 pages/cpu s147456 r8192 d28672 u1048576
[    0.000000] PV qspinlock hash table entries: 256 (order: 0, 4096 bytes)
[    0.000000] Built 1 zonelists, mobility grouping on.  Total pages: 257913
[    0.000000] Policy zone: DMA32
[    0.000000] Kernel command line: BOOT_IMAGE=/boot/vmlinuz-4.15.0-76-generic root=LABEL=cloudimg-rootfs ro console=tty1 console=ttyS0
[    0.000000] Memory: 983080K/1048120K available (12300K kernel code, 2481K rwdata, 4260K rodata, 2428K init, 2704K bss, 65040K reserved, 0K cma-reserved)
[    0.000000] SLUB: HWalign=64, Order=0-3, MinObjects=0, CPUs=2, Nodes=1
[    0.000000] Kernel/User page tables isolation: enabled
[    0.000000] ftrace: allocating 39322 entries in 154 pages
[    0.004000] Hierarchical RCU implementation.
[    0.004000] 	RCU restricting CPUs from NR_CPUS=8192 to nr_cpu_ids=2.
[    0.004000] 	Tasks RCU enabled.
[    0.004000] RCU: Adjusting geometry for rcu_fanout_leaf=16, nr_cpu_ids=2
[    0.004000] NR_IRQS: 524544, nr_irqs: 440, preallocated irqs: 16
[    0.004000] Console: colour VGA+ 80x25
[    0.004000] console [tty1] enabled
[    0.004000] console [ttyS0] enabled
[    0.004000] ACPI: Core revision 20170831
[    0.004000] ACPI: 2 ACPI AML tables successfully acquired and loaded
[    0.004000] APIC: Switch to symmetric I/O mode setup
[    0.004000] x2apic enabled
[    0.004000] Switched APIC routing to physical x2apic.
[    0.004000] ..TIMER: vector=0x30 apic1=0 pin1=2 apic2=-1 pin2=-1
[    0.004005] tsc: Detected 2712.000 MHz processor
[    0.005100] Calibrating delay loop (skipped) preset value.. 5424.00 BogoMIPS (lpj=10848000)
[    0.008003] pid_max: default: 32768 minimum: 301
[    0.009132] Security Framework initialized
[    0.010135] Yama: becoming mindful.
[    0.012026] AppArmor: AppArmor initialized
[    0.016057] Dentry cache hash table entries: 131072 (order: 8, 1048576 bytes)
[    0.018311] Inode-cache hash table entries: 65536 (order: 7, 524288 bytes)
[    0.020015] Mount-cache hash table entries: 2048 (order: 2, 16384 bytes)
[    0.021557] Mountpoint-cache hash table entries: 2048 (order: 2, 16384 bytes)
[    0.023404] Last level iTLB entries: 4KB 64, 2MB 8, 4MB 8
[    0.024003] Last level dTLB entries: 4KB 64, 2MB 0, 4MB 0, 1GB 4
[    0.025369] Spectre V1 : Mitigation: usercopy/swapgs barriers and __user pointer sanitization
[    0.028003] Spectre V2 : Mitigation: Full generic retpoline
[    0.029275] Spectre V2 : Spectre v2 / SpectreRSB mitigation: Filling RSB on context switch
[    0.031186] Speculative Store Bypass: Vulnerable
[    0.032051] MDS: Vulnerable: Clear CPU buffers attempted, no microcode
[    0.033734] Freeing SMP alternatives memory: 36K
[    0.145375] smpboot: CPU0: Intel(R) Core(TM) i5-7200U CPU @ 2.50GHz (family: 0x6, model: 0x8e, stepping: 0x9)
[    0.147692] Performance Events: unsupported p6 CPU model 142 no PMU driver, software events only.
[    0.148042] Hierarchical SRCU implementation.
[    0.149709] NMI watchdog: Perf event create on CPU 0 failed with -2
[    0.152002] NMI watchdog: Perf NMI watchdog permanently disabled
[    0.153472] smp: Bringing up secondary CPUs ...
[    0.154669] x86: Booting SMP configuration:
[    0.156002] .... node  #0, CPUs:      #1
[    0.004000] kvm-clock: cpu 1, msr 0:3ff44041, secondary cpu clock
[    0.160022] smp: Brought up 1 node, 2 CPUs
[    0.160979] smpboot: Max logical packages: 1
[    0.162011] smpboot: Total of 2 processors activated (10848.00 BogoMIPS)
[    0.164135] devtmpfs: initialized
[    0.164879] x86/mm: Memory block size: 128MB
[    0.166065] evm: security.selinux
[    0.166971] evm: security.SMACK64
[    0.168003] evm: security.SMACK64EXEC
[    0.168897] evm: security.SMACK64TRANSMUTE
[    0.169884] evm: security.SMACK64MMAP
[    0.170833] evm: security.apparmor
[    0.172003] evm: security.ima
[    0.172786] evm: security.capability
[    0.173748] clocksource: jiffies: mask: 0xffffffff max_cycles: 0xffffffff, max_idle_ns: 7645041785100000 ns
[    0.176012] futex hash table entries: 512 (order: 3, 32768 bytes)
[    0.180000] pinctrl core: initialized pinctrl subsystem
[    0.180128] RTC time: 16:02:12, date: 02/24/20
[    0.184058] NET: Registered protocol family 16
[    0.185184] audit: initializing netlink subsys (disabled)
[    0.187029] audit: type=2000 audit(1582560138.123:1): state=initialized audit_enabled=0 res=1
[    0.188025] cpuidle: using governor ladder
[    0.189002] cpuidle: using governor menu
[    0.190003] ACPI: bus type PCI registered
[    0.192004] acpiphp: ACPI Hot Plug PCI Controller Driver version: 0.5
[    0.193514] PCI: Using configuration type 1 for base access
[    0.196205] HugeTLB registered 2.00 MiB page size, pre-allocated 0 pages
[    0.197516] ACPI: Added _OSI(Module Device)
[    0.200007] ACPI: Added _OSI(Processor Device)
[    0.201194] ACPI: Added _OSI(3.0 _SCP Extensions)
[    0.202251] ACPI: Added _OSI(Processor Aggregator Device)
[    0.203421] ACPI: Added _OSI(Linux-Dell-Video)
[    0.204011] ACPI: Added _OSI(Linux-Lenovo-NV-HDMI-Audio)
[    0.205228] ACPI: Added _OSI(Linux-HPI-Hybrid-Graphics)
[    0.206743] ACPI: Executed 1 blocks of module-level executable AML code
[    0.213692] ACPI: Interpreter enabled
[    0.214606] ACPI: (supports S0 S5)
[    0.216006] ACPI: Using IOAPIC for interrupt routing
[    0.217561] PCI: Using host bridge windows from ACPI; if necessary, use "pci=nocrs" and report a bug
[    0.219745] ACPI: Enabled 2 GPEs in block 00 to 07
[    0.228566] ACPI: PCI Root Bridge [PCI0] (domain 0000 [bus 00-ff])
[    0.230059] acpi PNP0A03:00: _OSC: OS supports [ASPM ClockPM Segments MSI]
[    0.232161] acpi PNP0A03:00: _OSC: not requesting OS control; OS requires [ExtendedConfig ASPM ClockPM MSI]
[    0.234422] acpi PNP0A03:00: fail to add MMCONFIG information, can't access extended PCI configuration space under this bridge.
[    0.236487] PCI host bridge to bus 0000:00
[    0.237501] pci_bus 0000:00: root bus resource [io  0x0000-0x0cf7 window]
[    0.239034] pci_bus 0000:00: root bus resource [io  0x0d00-0xffff window]
[    0.240004] pci_bus 0000:00: root bus resource [mem 0x000a0000-0x000bffff window]
[    0.241743] pci_bus 0000:00: root bus resource [mem 0x40000000-0xfdffffff window]
[    0.244003] pci_bus 0000:00: root bus resource [bus 00-ff]
[    0.249379] pci 0000:00:01.1: legacy IDE quirk: reg 0x10: [io  0x01f0-0x01f7]
[    0.250982] pci 0000:00:01.1: legacy IDE quirk: reg 0x14: [io  0x03f6]
[    0.252003] pci 0000:00:01.1: legacy IDE quirk: reg 0x18: [io  0x0170-0x0177]
[    0.253683] pci 0000:00:01.1: legacy IDE quirk: reg 0x1c: [io  0x0376]
[    0.278065] pci 0000:00:07.0: quirk: [io  0x4000-0x403f] claimed by PIIX4 ACPI
[    0.280021] pci 0000:00:07.0: quirk: [io  0x4100-0x410f] claimed by PIIX4 SMB
[    0.298088] ACPI: PCI Interrupt Link [LNKA] (IRQs 5 9 10 *11)
[    0.300536] ACPI: PCI Interrupt Link [LNKB] (IRQs 5 9 *10 11)
[    0.302370] ACPI: PCI Interrupt Link [LNKC] (IRQs 5 *9 10 11)
[    0.304107] ACPI: PCI Interrupt Link [LNKD] (IRQs 5 9 10 *11)
[    0.306305] SCSI subsystem initialized
[    0.308108] pci 0000:00:02.0: vgaarb: setting as boot VGA device
[    0.309412] pci 0000:00:02.0: vgaarb: VGA device added: decodes=io+mem,owns=io+mem,locks=none
[    0.311249] pci 0000:00:02.0: vgaarb: bridge control possible
[    0.312013] vgaarb: loaded
[    0.312948] ACPI: bus type USB registered
[    0.314175] usbcore: registered new interface driver usbfs
[    0.316033] usbcore: registered new interface driver hub
[    0.317873] usbcore: registered new device driver usb
[    0.320119] EDAC MC: Ver: 3.0.0
[    0.321569] PCI: Using ACPI for IRQ routing
[    0.324389] NetLabel: Initializing
[    0.325592] NetLabel:  domain hash size = 128
[    0.326718] NetLabel:  protocols = UNLABELED CIPSOv4 CALIPSO
[    0.328032] NetLabel:  unlabeled traffic allowed by default
[    0.329956] clocksource: Switched to clocksource kvm-clock
[    0.350102] VFS: Disk quotas dquot_6.6.0
[    0.351103] VFS: Dquot-cache hash table entries: 512 (order 0, 4096 bytes)
[    0.352738] AppArmor: AppArmor Filesystem Enabled
[    0.354291] pnp: PnP ACPI init
[    0.357089] pnp: PnP ACPI: found 3 devices
[    0.368449] clocksource: acpi_pm: mask: 0xffffff max_cycles: 0xffffff, max_idle_ns: 2085701024 ns
[    0.370555] NET: Registered protocol family 2
[    0.371796] TCP established hash table entries: 8192 (order: 4, 65536 bytes)
[    0.373506] TCP bind hash table entries: 8192 (order: 5, 131072 bytes)
[    0.377470] TCP: Hash tables configured (established 8192 bind 8192)
[    0.379554] UDP hash table entries: 512 (order: 2, 16384 bytes)
[    0.380958] UDP-Lite hash table entries: 512 (order: 2, 16384 bytes)
[    0.382427] NET: Registered protocol family 1
[    0.383484] pci 0000:00:00.0: Limiting direct PCI/PCI transfers
[    0.385426] pci 0000:00:01.0: Activating ISA DMA hang workarounds
[    0.386864] pci 0000:00:02.0: Video device with shadowed ROM at [mem 0x000c0000-0x000dffff]
[    0.388888] Unpacking initramfs...
[    0.719316] Freeing initrd memory: 19200K
[    0.720600] clocksource: tsc: mask: 0xffffffffffffffff max_cycles: 0x2717868ea45, max_idle_ns: 440795316085 ns
[    0.722762] platform rtc_cmos: registered platform RTC device (no PNP device found)
[    0.724801] Scanning for low memory corruption every 60 seconds
[    0.726968] Initialise system trusted keyrings
[    0.728072] Key type blacklist registered
[    0.729289] workingset: timestamp_bits=36 max_order=18 bucket_order=0
[    0.732022] zbud: loaded
[    0.733479] squashfs: version 4.0 (2009/01/31) Phillip Lougher
[    0.735280] fuse init (API version 7.26)
[    0.740433] Key type asymmetric registered
[    0.741316] Asymmetric key parser 'x509' registered
[    0.742411] Block layer SCSI generic (bsg) driver version 0.4 loaded (major 246)
[    0.744047] io scheduler noop registered
[    0.745061] io scheduler deadline registered
[    0.745999] io scheduler cfq registered (default)
[    0.747366] ACPI: AC Adapter [AC] (on-line)
[    0.748348] input: Power Button as /devices/LNXSYSTM:00/LNXPWRBN:00/input/input0
[    0.749963] ACPI: Power Button [PWRF]
[    0.750836] input: Sleep Button as /devices/LNXSYSTM:00/LNXSLPBN:00/input/input1
[    0.752468] ACPI: Sleep Button [SLPF]
[    0.754546] ACPI: Battery Slot [BAT0] (battery present)
[    0.755842] Serial: 8250/16550 driver, 32 ports, IRQ sharing enabled
[    0.778080] 00:02: ttyS0 at I/O 0x3f8 (irq = 4, base_baud = 115200) is a 16550A
[    0.786438] Linux agpgart interface v0.103
[    0.789019] loop: module loaded
[    0.790405] scsi host0: ata_piix
[    0.791279] scsi host1: ata_piix
[    0.792022] ata1: PATA max UDMA/33 cmd 0x1f0 ctl 0x3f6 bmdma 0xd000 irq 14
[    0.793441] ata2: PATA max UDMA/33 cmd 0x170 ctl 0x376 bmdma 0xd008 irq 15
[    0.795208] libphy: Fixed MDIO Bus: probed
[    0.796198] tun: Universal TUN/TAP device driver, 1.6
[    0.797344] PPP generic driver version 2.4.2
[    0.798376] ehci_hcd: USB 2.0 'Enhanced' Host Controller (EHCI) Driver
[    0.799724] ehci-pci: EHCI PCI platform driver
[    0.800704] ehci-platform: EHCI generic platform driver
[    0.801795] ohci_hcd: USB 1.1 'Open' Host Controller (OHCI) Driver
[    0.803040] ohci-pci: OHCI PCI platform driver
[    0.803987] ohci-platform: OHCI generic platform driver
[    0.805576] uhci_hcd: USB Universal Host Controller Interface driver
[    0.806922] i8042: PNP: PS/2 Controller [PNP0303:PS2K,PNP0f03:PS2M] at 0x60,0x64 irq 1,12
[    0.809216] serio: i8042 KBD port at 0x60,0x64 irq 1
[    0.810268] serio: i8042 AUX port at 0x60,0x64 irq 12
[    0.811528] mousedev: PS/2 mouse device common for all mice
[    0.814345] rtc_cmos rtc_cmos: rtc core: registered rtc_cmos as rtc0
[    0.815735] input: AT Translated Set 2 keyboard as /devices/platform/i8042/serio0/input/input2
[    0.817787] rtc_cmos rtc_cmos: alarms up to one day, 114 bytes nvram
[    0.819084] i2c /dev entries driver
[    0.819908] device-mapper: uevent: version 1.0.3
[    0.821037] device-mapper: ioctl: 4.37.0-ioctl (2017-09-20) initialised: dm-devel@redhat.com
[    0.822802] ledtrig-cpu: registered to indicate activity on CPUs
[    0.824493] NET: Registered protocol family 10
[    0.829498] Segment Routing with IPv6
[    0.830369] NET: Registered protocol family 17
[    0.831512] Key type dns_resolver registered
[    0.832771] mce: Using 0 MCE banks
[    0.833536] RAS: Correctable Errors collector initialized.
[    0.834661] sched_clock: Marking stable (832737145, 0)->(1084928502, -252191357)
[    0.836818] registered taskstats version 1
[    0.837775] Loading compiled-in X.509 certificates
[    0.841378] Loaded X.509 cert 'Build time autogenerated kernel key: 665cd2b89e03521f57c41865f552ebce30a0c7fb'
[    0.843389] zswap: loaded using pool lzo/zbud
[    0.848312] Key type big_key registered
[    0.849332] Key type trusted registered
[    0.852429] Key type encrypted registered
[    0.853466] AppArmor: AppArmor sha1 policy hashing enabled
[    0.854836] ima: No TPM chip found, activating TPM-bypass! (rc=-19)
[    0.856433] ima: Allocated hash algorithm: sha1
[    0.857584] evm: HMAC attrs: 0x1
[    0.858775]   Magic number: 8:437:35
[    0.859784] bdi 7:0: hash matches
[    0.860879] rtc_cmos rtc_cmos: setting system clock to 2020-02-24 16:02:13 UTC (1582560133)
[    0.863361] BIOS EDD facility v0.16 2004-Jun-25, 0 devices found
[    0.864867] EDD information not available.
[    0.990444] Freeing unused kernel image memory: 2428K
[    1.138518] Write protecting the kernel read-only data: 20480k
[    1.140729] Freeing unused kernel image memory: 2008K
[    1.142367] Freeing unused kernel image memory: 1884K
[    1.152522] x86/mm: Checked W+X mappings: passed, no W+X pages found.
[    1.154062] x86/mm: Checking user space page tables
[    1.164031] x86/mm: Checked W+X mappings: passed, no W+X pages found.
Loading, please wait...
starting version 237
[    1.260979] e1000: Intel(R) PRO/1000 Network Driver - version 7.3.21-k8-NAPI
[    1.263343] e1000: Copyright (c) 1999-2006 Intel Corporation.
[    1.266099] Fusion MPT base driver 3.04.20
[    1.267586] Copyright (c) 1999-2008 LSI Corporation
[    1.281490] AVX2 version of gcm_enc/dec engaged.
[    1.283090] AES CTR mode by8 optimization enabled
[    1.294941] Fusion MPT SPI Host driver 3.04.20
[    1.509224] input: ImExPS/2 Generic Explorer Mouse as /devices/platform/i8042/serio1/input/input4
[    1.765710] e1000 0000:00:03.0 eth0: (PCI:33MHz:32-bit) 02:b4:6b:8c:b8:1a
[    1.767270] e1000 0000:00:03.0 eth0: Intel(R) PRO/1000 Network Connection
[    1.769913] mptbase: ioc0: Initiating bringup
[    1.864356] ioc0: LSI53C1030 A0: Capabilities={Initiator}
[    2.107456] scsi host2: ioc0: LSI53C1030 A0, FwRev=00000000h, Ports=1, MaxQ=256, IRQ=20
[    2.278394] scsi 2:0:0:0: Direct-Access     VBOX     HARDDISK         1.0  PQ: 0 ANSI: 5
[    2.767755] scsi target2:0:0: Beginning Domain Validation
[    2.834562] scsi target2:0:0: Domain Validation skipping write tests
[    2.836143] scsi target2:0:0: Ending Domain Validation
[    2.837999] scsi target2:0:0: asynchronous
[    2.839981] scsi 2:0:1:0: Direct-Access     VBOX     HARDDISK         1.0  PQ: 0 ANSI: 5
[    3.113863] scsi target2:0:1: Beginning Domain Validation
[    3.117029] random: fast init done
[    3.118540] scsi target2:0:1: Domain Validation skipping write tests
[    3.120666] scsi target2:0:1: Ending Domain Validation
[    3.122403] scsi target2:0:1: asynchronous
[    3.127987] random: systemd-udevd: uninitialized urandom read (16 bytes read)
[    3.128867] e1000 0000:00:08.0 eth1: (PCI:33MHz:32-bit) 08:00:27:ec:42:2d
[    3.130461] random: systemd-udevd: uninitialized urandom read (16 bytes read)
[    3.132737] e1000 0000:00:08.0 eth1: Intel(R) PRO/1000 Network Connection
[    3.135097] random: systemd-udevd: uninitialized urandom read (16 bytes read)
[    3.140114] sd 2:0:0:0: Attached scsi generic sg0 type 0
[    3.141762] sd 2:0:0:0: [sda] 20971520 512-byte logical blocks: (10.7 GB/10.0 GiB)
[    3.143206] e1000 0000:00:08.0 enp0s8: renamed from eth1
[    3.145408] sd 2:0:1:0: Attached scsi generic sg1 type 0
[    3.147264] sd 2:0:0:0: [sda] Write Protect is off
[    3.148969] sd 2:0:1:0: [sdb] 20480 512-byte logical blocks: (10.5 MB/10.0 MiB)
[    3.150670] sd 2:0:0:0: [sda] Incomplete mode parameter data
[    3.152062] sd 2:0:0:0: [sda] Assuming drive cache: write through
[    3.153506] sd 2:0:1:0: [sdb] Write Protect is off
[    3.154928] sd 2:0:1:0: [sdb] Incomplete mode parameter data
[    3.156231] sd 2:0:1:0: [sdb] Assuming drive cache: write through
[    3.160826] e1000 0000:00:03.0 enp0s3: renamed from eth0
[    3.162719]  sda: sda1
[    3.164725] sd 2:0:0:0: [sda] Attached SCSI disk
[    3.167268] sd 2:0:1:0: [sdb] Attached SCSI disk
Begin: Loading essential drivers ... [    4.820090] raid6: sse2x1   gen() 10423 MB/s
[    4.868443] raid6: sse2x1   xor()  7719 MB/s
[    4.916274] raid6: sse2x2   gen() 11808 MB/s
[    4.964012] raid6: sse2x2   xor()  8665 MB/s
[    5.012296] raid6: sse2x4   gen() 14450 MB/s
[    5.060133] raid6: sse2x4   xor()  8277 MB/s
[    5.108470] raid6: avx2x1   gen() 20822 MB/s
[    5.156298] raid6: avx2x1   xor() 14716 MB/s
[    5.204119] raid6: avx2x2   gen() 25062 MB/s
[    5.252431] raid6: avx2x2   xor() 16233 MB/s
[    5.300065] raid6: avx2x4   gen() 28491 MB/s
[    5.348078] raid6: avx2x4   xor() 16934 MB/s
[    5.349111] raid6: using algorithm avx2x4 gen() 28491 MB/s
[    5.350346] raid6: .... xor() 16934 MB/s, rmw enabled
[    5.351458] raid6: using avx2x2 recovery algorithm
[    5.353948] xor: automatically using best checksumming function   avx       
[    5.357141] async_tx: api initialized (async)
done.
Begin: Running /scripts/init-premount ... done.
Begin: Mounting root file system ... Begin: Running /scripts/local-top ... done.
Begin: Running /scripts/local-premount ... [    5.408624] Btrfs loaded, crc32c=crc32c-intel
Scanning for Btrfs filesystems
done.
Warning: fsck not present, so skipping root file system
[    5.452796] EXT4-fs (sda1): mounted filesystem with ordered data mode. Opts: (null)
done.
Begin: Running /scripts/local-bottom ... done.
Begin: Running /scripts/init-bottom ... done.
[    5.629278] ip_tables: (C) 2000-2006 Netfilter Core Team
[    5.646895] systemd[1]: systemd 237 running in system mode. (+PAM +AUDIT +SELINUX +IMA +APPARMOR +SMACK +SYSVINIT +UTMP +LIBCRYPTSETUP +GCRYPT +GNUTLS +ACL +XZ +LZ4 +SECCOMP +BLKID +ELFUTILS +KMOD -IDN2 +IDN -PCRE2 default-hierarchy=hybrid)
[    5.651941] systemd[1]: Detected virtualization oracle.
[    5.653232] systemd[1]: Detected architecture x86-64.

Welcome to [1mUbuntu 18.04.4 LTS[0m!

[    5.661040] systemd[1]: Set hostname to <ubuntu>.
[    5.669114] systemd[1]: Initializing machine ID from random generator.
[    5.670607] systemd[1]: Installed transient /etc/machine-id file.
[    6.005790] systemd[1]: Created slice User and Session Slice.
[[0;32m  OK  [0m] Created slice User and Session Slice.
[    6.008113] systemd[1]: Started Forward Password Requests to Wall Directory Watch.
[[0;32m  OK  [0m] Started Forward Password Requests to Wall Directory Watch.
[    6.011202] systemd[1]: Created slice System Slice.
[[0;32m  OK  [0m] Created slice System Slice.
[    6.013095] systemd[1]: Listening on udev Kernel Socket.
[[0;32m  OK  [0m] Listening on udev Kernel Socket.
[[0;32m  OK  [0m] Listening on Journal Audit Socket.
[[0;32m  OK  [0m] Listening on Network Service Netlink Socket.
[[0;32m  OK  [0m] Listening on Journal Socket.
         Starting Remount Root and Kernel File Systems...
         Starting Create list of required st…ce nodes for the current kernel...
[[0;32m  OK  [0m] Listening on Journal Socket (/dev/log).
[    6.036951] EXT4-fs (sda1): re-mounted. Opts: (null)
         Mounting Kernel Debug File System...
[[0;32m  OK  [0m] Reached target Swap.
[[0;32m  OK  [0m] Reached target System Time Synchronized.
[[0;32m  OK  [0m] Set up automount Arbitrary Executab…rmats File System Automount Point.
         Mounting Huge Pages File System...
[[0;32m  OK  [0m] Listening on Device-mapper event daemon FIFOs.
[[0;32m  OK  [0m] Reached target User and Group Name Lookups.
[[0;32m  OK  [0m] Listening on Syslog Socket.
         Starting Journal Service...
         Starting Set the console keyboard layout...
         Mounting POSIX Message Queue File System...
         Starting Load Kernel Modules...
[[0;32m  OK  [0m] Reached target Slices.
[[0;32m  OK  [0m] Listening on LVM2 metadata daemon socket.
         Starting Monitoring of LVM2 mirrors…ng dmeventd or progress polling...
         Starting Uncomplicated firewall...
[[0;32m  OK  [0m] Listening on LVM2 poll daemon socket.
[    6.148906] Loading iSCSI transport class v2.0-870.
[[0;32m  OK  [0m] Created slice system-serial\x2dgetty.slice.
[[0;32m  OK  [0m] Listening on /dev/initctl Compatibility Named Pipe.
[[0;32m  OK  [0m] Listening on udev Control Socket.
         Starting udev Coldplug all Devices...
[    6.156913] iscsi: registered transport (tcp)
[[0;32m  OK  [0m] Started Remount Root and Kernel File Systems.
[[0;32m  OK  [0m] Started Create list of required sta…vice nodes for the current kernel.
[[0;32m  OK  [0m] Mounted Kernel Debug File System.
[[0;32m  OK  [0m] Mounted Huge Pages File System.
[[0;32m  OK  [0m] Mounted POSIX Message Queue File System.
         Starting Create Static Device Nodes in /dev...
         Starting Load/Save Random Seed...
[[0;32m  OK  [0m] Started Journal Service.
[[0;32m  OK  [0m] Started Uncomplicated firewall.
[[0;32m  OK  [0m] Started Create Static Device Nodes in /dev.
[[0;32m  OK  [0m] Started LVM2 metadata daemon.
         Starting udev Kernel Device Manager...
         Starting Flush Journal to Persistent Storage...
[[0;32m  OK  [0m] Started Load/Save Random Seed.
[    6.327503] systemd-journald[391]: Received request to flush runtime journal from PID 1
[[0;32m  OK  [0m] Started udev Coldplug all Devices.
[[0;32m  OK  [0m] Started udev Kernel Device Manager.
[[0;32m  OK  [0m] Started Monitoring of LVM2 mirrors,…sing dmeventd or progress polling.
[    6.407570] iscsi: registered transport (iser)
[[0;32m  OK  [0m] Started Load Kernel Modules.
         Mounting FUSE Control File System...
         Starting Apply Kernel Variables...
         Mounting Kernel Configuration File System...
[[0;32m  OK  [0m] Mounted FUSE Control File System.
[[0;32m  OK  [0m] Mounted Kernel Configuration File System.
[[0;32m  OK  [0m] Started Apply Kernel Variables.
[[0;32m  OK  [0m] Started Flush Journal to Persistent Storage.
[[0;32m  OK  [0m] Found device /dev/ttyS0.
[[0;32m  OK  [0m] Listening on Load/Save RF Kill Switch Status /dev/rfkill Watch.
[[0;32m  OK  [0m] Started Set the console keyboard layout.
[[0;32m  OK  [0m] Reached target Local File Systems (Pre).
[[0;32m  OK  [0m] Reached target Local File Systems.
         Starting Create Volatile Files and Directories...
         Starting ebtables ruleset management...
         Starting AppArmor initialization...
         Starting Set console font and keymap...
         Starting Commit a transient machine-id on disk...
         Starting Tell Plymouth To Write Out Runtime Data...
[[0;32m  OK  [0m] Started Dispatch Password Requests to Console Directory Watch.
[[0;32m  OK  [0m] Reached target Local Encrypted Volumes.
[[0;32m  OK  [0m] Started Create Volatile Files and Directories.
         Starting Update UTMP about System Boot/Shutdown...
[[0;32m  OK  [0m] Started Set console font and keymap.
[[0;32m  OK  [0m] Started Tell Plymouth To Write Out Runtime Data.
[[0;32m  OK  [0m] Started Update UTMP about System Boot/Shutdown.
[[0;32m  OK  [0m] Started Commit a transient machine-id on disk.
[[0;32m  OK  [0m] Started ebtables ruleset management.
[[0;32m  OK  [0m] Started AppArmor initialization.
         Starting Initial cloud-init job (pre-networking)...
[   10.954009] cloud-init[640]: Cloud-init v. 19.4-33-gbb4131a2-0ubuntu1~18.04.1 running 'init-local' at Mon, 24 Feb 2020 16:02:23 +0000. Up 10.44 seconds.
[[0;32m  OK  [0m] Started Initial cloud-init job (pre-networking).
[[0;32m  OK  [0m] Reached target Network (Pre).
         Starting Network Service...
[[0;32m  OK  [0m] Started Network Service.
         Starting Wait for Network to be Configured...
         Starting Network Name Resolution...
[[0;32m  OK  [0m] Started Network Name Resolution.
[[0;32m  OK  [0m] Reached target Host and Network Name Lookups.
[[0;32m  OK  [0m] Reached target Network.
[[0;32m  OK  [0m] Started Wait for Network to be Configured.
         Starting Initial cloud-init job (metadata service crawler)...
[   13.480448] cloud-init[767]: Cloud-init v. 19.4-33-gbb4131a2-0ubuntu1~18.04.1 running 'init' at Mon, 24 Feb 2020 16:02:25 +0000. Up 13.17 seconds.
[   13.493070] cloud-init[767]: ci-info: ++++++++++++++++++++++++++++++++++++++Net device info+++++++++++++++++++++++++++++++++++++++
[   13.495592] cloud-init[767]: ci-info: +--------+-------+----------------------------+---------------+--------+-------------------+
[   13.498601] cloud-init[767]: ci-info: | Device |   Up  |          Address           |      Mask     | Scope  |     Hw-Address    |
[   13.501156] cloud-init[767]: ci-info: +--------+-------+----------------------------+---------------+--------+-------------------+
[   13.505004] cloud-init[767]: ci-info: | enp0s3 |  True |         10.0.2.15          | 255.255.255.0 | global | 02:b4:6b:8c:b8:1a |
[   13.507298] cloud-init[767]: ci-info: | enp0s3 |  True | fe80::b4:6bff:fe8c:b81a/64 |       .       |  link  | 02:b4:6b:8c:b8:1a |
[   13.510125] cloud-init[767]: ci-info: | enp0s8 | False |             .              |       .       |   .    | 08:00:27:ec:42:2d |
[   13.512850] cloud-init[767]: ci-info: |   lo   |  True |         127.0.0.1          |   255.0.0.0   |  host  |         .         |
[   13.520931] cloud-init[767]: ci-info: |   lo   |  True |          ::1/128           |       .       |  host  |         .         |
[   13.524315] cloud-init[767]: ci-info: +--------+-------+----------------------------+---------------+--------+-------------------+
[   13.526799] cloud-init[767]: ci-info: ++++++++++++++++++++++++++++Route IPv4 info+++++++++++++++++++++++++++++
[   13.529002] cloud-init[767]: ci-info: +-------+-------------+----------+-----------------+-----------+-------+
[   13.531178] cloud-init[767]: ci-info: | Route | Destination | Gateway  |     Genmask     | Interface | Flags |
[   13.533392] cloud-init[767]: ci-info: +-------+-------------+----------+-----------------+-----------+-------+
[   13.536303] cloud-init[767]: ci-info: |   0   |   0.0.0.0   | 10.0.2.2 |     0.0.0.0     |   enp0s3  |   UG  |
[   13.539566] cloud-init[767]: ci-info: |   1   |   10.0.2.0  | 0.0.0.0  |  255.255.255.0  |   enp0s3  |   U   |
[   13.541626] cloud-init[767]: ci-info: |   2   |   10.0.2.2  | 0.0.0.0  | 255.255.255.255 |   enp0s3  |   UH  |
[   13.543977] cloud-init[767]: ci-info: +-------+-------------+----------+-----------------+-----------+-------+
[   13.546162] cloud-init[767]: ci-info: +++++++++++++++++++Route IPv6 info+++++++++++++++++++
[   13.547964] cloud-init[767]: ci-info: +-------+-------------+---------+-----------+-------+
[   13.550045] cloud-init[767]: ci-info: | Route | Destination | Gateway | Interface | Flags |
[   13.551957] cloud-init[767]: ci-info: +-------+-------------+---------+-----------+-------+
[   13.553677] cloud-init[767]: ci-info: |   1   |  fe80::/64  |    ::   |   enp0s3  |   U   |
[   13.555497] cloud-init[767]: ci-info: |   3   |    local    |    ::   |   enp0s3  |   U   |
[   13.557306] cloud-init[767]: ci-info: |   4   |   ff00::/8  |    ::   |   enp0s3  |   U   |
[   13.559091] cloud-init[767]: ci-info: +-------+-------------+---------+-----------+-------+
[   14.278232] cloud-init[767]: Generating public/private rsa key pair.
[   14.279738] cloud-init[767]: Your identification has been saved in /etc/ssh/ssh_host_rsa_key.
[   14.281553] cloud-init[767]: Your public key has been saved in /etc/ssh/ssh_host_rsa_key.pub.
[   14.282895] cloud-init[767]: The key fingerprint is:
[   14.283908] cloud-init[767]: SHA256:KYJPRLT99elc56eZ1LogJrL+8UTTQLztoIeZLuTX/dY root@ubuntu-bionic
[   14.285361] cloud-init[767]: The key's randomart image is:
[   14.286279] cloud-init[767]: +---[RSA 2048]----+
[   14.287542] cloud-init[767]: |   .o    ..      |
[   14.288787] cloud-init[767]: |   . o   ..      |
[   14.289741] cloud-init[767]: |    o .   oo     |
[   14.290659] cloud-init[767]: |   o   . oo+..   |
[   14.291590] cloud-init[767]: |  . o . S=oo+ . .|
[   14.292679] cloud-init[767]: |   o ...=..+.. + |
[   14.293601] cloud-init[767]: |    .o..oo+.+ ..+|
[   14.294490] cloud-init[767]: |      ooo*...o.=E|
[   14.295386] cloud-init[767]: |     .o+. .  oB. |
[   14.296317] cloud-init[767]: +----[SHA256]-----+
[   14.297368] cloud-init[767]: Generating public/private dsa key pair.
[   14.300399] cloud-init[767]: Your identification has been saved in /etc/ssh/ssh_host_dsa_key.
[   14.315853] cloud-init[767]: Your public key has been saved in /etc/ssh/ssh_host_dsa_key.pub.
[   14.318144] cloud-init[767]: The key fingerprint is:
[   14.319451] cloud-init[767]: SHA256:LbKxlgWkwmMw1h49X+1AMrigmSmoL4Th8FmlnM3w5qo root@ubuntu-bionic
[   14.321336] cloud-init[767]: The key's randomart image is:
[   14.322752] cloud-init[767]: +---[DSA 1024]----+
[   14.323935] cloud-init[767]: |o.. . oo...      |
[   14.325225] cloud-init[767]: |.+ +.*. oo .     |
[   14.326364] cloud-init[767]: |. @.+O= . o      |
[   14.327555] cloud-init[767]: |=* +=.=o . .     |
[   14.328587] cloud-init[767]: |*o o oo S .      |
[   14.329393] cloud-init[767]: |ooo   .B .       |
[   14.340591] cloud-init[767]: |..   .=          |
[   14.341764] cloud-init[767]: |. . ..           |
[   14.342984] cloud-init[767]: | .E.             |
[   14.344366] cloud-init[767]: +----[SHA256]-----+
[   14.345543] cloud-init[767]: Generating public/private ecdsa key pair.
[   14.347065] cloud-init[767]: Your identification has been saved in /etc/ssh/ssh_host_ecdsa_key.
[   14.348903] cloud-init[767]: Your public key has been saved in /etc/ssh/ssh_host_ecdsa_key.pub.
[   14.350841] cloud-init[767]: The key fingerprint is:
[   14.352038] cloud-init[767]: SHA256:PwyMZM4ByouQ8+uQPAOqH1NsCqcaFQoyWRGlWhJgAHE root@ubuntu-bionic
[   14.354076] cloud-init[767]: The key's randomart image is:
[   14.355463] cloud-init[767]: +---[ECDSA 256]---+
[   14.356592] cloud-init[767]: |XoE+o            |
[   14.358576] cloud-init[767]: |.B o .           |
[   14.359653] cloud-init[767]: |X *   +          |
[   14.360981] cloud-init[767]: |+X + = +         |
[   14.362159] cloud-init[767]: |* = + + S        |
[   14.363361] cloud-init[767]: |+* =     +       |
[   14.364398] cloud-init[767]: |*+=       +      |
[   14.365210] cloud-init[767]: |o+oo       .     |
[   14.366035] cloud-init[767]: |o.o              |
[   14.367040] cloud-init[767]: +----[SHA256]-----+
[   14.368156] cloud-init[767]: Generating public/private ed25519 key pair.
[   14.369477] cloud-init[767]: Your identification has been saved in /etc/ssh/ssh_host_ed25519_key.
[   14.370959] cloud-init[767]: Your public key has been saved in /etc/ssh/ssh_host_ed25519_key.pub.
[   14.372416] cloud-init[767]: The key fingerprint is:
[   14.384468] cloud-init[767]: SHA256:kVROB7OXRSGrT9TxmOhtVvxCXdSXZ+VcArI5gQuhPqc root@ubuntu-bionic
[   14.386380] cloud-init[767]: The key's randomart image is:
[   14.387229] cloud-init[767]: +--[ED25519 256]--+
[   14.400238] cloud-init[767]: |      ...oB.+o*oO|
[   14.401418] cloud-init[767]: |     ....+ O B %B|
[   14.402593] cloud-init[767]: |    .  .o.* * =.X|
[   14.403844] cloud-init[767]: |   .    .. * o ..|
[   14.405066] cloud-init[767]: |    o . S . o = .|
[   14.406820] cloud-init[767]: |     +     o o . |
[   14.408484] cloud-init[767]: |    E       .    |
[   14.410222] cloud-init[767]: |                 |
[   14.411871] cloud-init[767]: |                 |
[   14.413484] cloud-init[767]: +----[SHA256]-----+
[[0;32m  OK  [0m] Started Initial cloud-init job (metadata service crawler).
[[0;32m  OK  [0m] Reached target System Initialization.
[[0;32m  OK  [0m] Listening on UUID daemon activation socket.
[[0;32m  OK  [0m] Started Daily apt download activities.
[[0;32m  OK  [0m] Listening on ACPID Listen Socket.
[[0;32m  OK  [0m] Listening on Open-iSCSI iscsid Socket.
[[0;32m  OK  [0m] Started Daily apt upgrade and clean activities.
[[0;32m  OK  [0m] Listening on D-Bus System Message Bus Socket.
[[0;32m  OK  [0m] Started Message of the Day.
         Starting Socket activation for snappy daemon.
[[0;32m  OK  [0m] Started Discard unused blocks once a week.
[[0;32m  OK  [0m] Started ACPI Events Check.
[[0;32m  OK  [0m] Reached target Paths.
[[0;32m  OK  [0m] Started Daily Cleanup of Temporary Directories.
[[0;32m  OK  [0m] Reached target Timers.
         Starting LXD - unix socket.
[[0;32m  OK  [0m] Reached target Cloud-config availability.
[[0;32m  OK  [0m] Reached target Network is Online.
[[0;32m  OK  [0m] Reached target Remote File Systems (Pre).
[[0;32m  OK  [0m] Reached target Remote File Systems.
         Starting Availability of block devices...
[[0;32m  OK  [0m] Listening on Socket activation for snappy daemon.
[[0;32m  OK  [0m] Listening on LXD - unix socket.
[[0;32m  OK  [0m] Reached target Sockets.
[[0;32m  OK  [0m] Reached target Basic System.
         Starting LSB: Record successful boot for GRUB...
         Starting Login Service...
[[0;32m  OK  [0m] Started irqbalance daemon.
         Starting Accounts Service...
         Starting LXD - container startup/shutdown...
[[0;32m  OK  [0m] Started Deferred execution scheduler.
         Starting LSB: automatic crash report generation...
[[0;32m  OK  [0m] Started D-Bus System Message Bus.
         Starting Dispatcher daemon for systemd-networkd...
         Starting Permit User Sessions...
         Starting Pollinate to seed the pseudo random number generator...
         Starting System Logging Service...
[[0;32m  OK  [0m] Started Regular background program processing daemon.
         Starting Virtualbox guest utils...
[[0;32m  OK  [0m] Started FUSE filesystem for LXC.
         Starting Snappy daemon...
[[0;32m  OK  [0m] Started System Logging Service.
[[0;32m  OK  [0m] Started Availability of block devices.
[[0;32m  OK  [0m] Started Permit User Sessions.
[[0;32m  OK  [0m] Started Login Service.
[[0;32m  OK  [0m] Started Unattended Upgrades Shutdown.
         Starting Authorization Manager...
         Starting Terminate Plymouth Boot Screen...
         Starting Hold until boot process finishes up...
[[0;32m  OK  [0m] Started Hold until boot process finishes up.
         Starting Set console scheme...
[[0;32m  OK  [0m] Started Serial Getty on ttyS0.
[[0;32m  OK  [0m] Started Terminate Plymouth Boot Screen.
[[0;32m  OK  [0m] Started LXD - container startup/shutdown.
[[0;32m  OK  [0m] Started LSB: Record successful boot for GRUB.
[[0;32m  OK  [0m] Started Set console scheme.
[[0;32m  OK  [0m] Created slice system-getty.slice.
[[0;32m  OK  [0m] Started Getty on tty1.
[[0;32m  OK  [0m] Reached target Login Prompts.
[[0;32m  OK  [0m] Started LSB: automatic crash report generation.
[[0;32m  OK  [0m] Started Authorization Manager.
[[0;32m  OK  [0m] Started Accounts Service.
[[0;32m  OK  [0m] Started Virtualbox guest utils.
[[0;32m  OK  [0m] Started Dispatcher daemon for systemd-networkd.
[[0;32m  OK  [0m] Started Snappy daemon.
         Starting Wait until snapd is fully seeded...
[[0;32m  OK  [0m] Started Wait until snapd is fully seeded.
         Starting Apply the settings specified in cloud-config...
[   17.737781] cloud-init[1253]: Cloud-init v. 19.4-33-gbb4131a2-0ubuntu1~18.04.1 running 'modules:config' at Mon, 24 Feb 2020 16:02:29 +0000. Up 17.15 seconds.
[[0;32m  OK  [0m] Started Apply the settings specified in cloud-config.

Ubuntu 18.04.4 LTS ubuntu-bionic ttyS0

ubuntu-bionic login: ci-info: no authorized SSH keys fingerprints found for user ubuntu.
<14>Feb 24 16:02:34 ec2: 
<14>Feb 24 16:02:34 ec2: #############################################################
<14>Feb 24 16:02:34 ec2: -----BEGIN SSH HOST KEY FINGERPRINTS-----
<14>Feb 24 16:02:34 ec2: 1024 SHA256:LbKxlgWkwmMw1h49X+1AMrigmSmoL4Th8FmlnM3w5qo root@ubuntu-bionic (DSA)
<14>Feb 24 16:02:34 ec2: 256 SHA256:PwyMZM4ByouQ8+uQPAOqH1NsCqcaFQoyWRGlWhJgAHE root@ubuntu-bionic (ECDSA)
<14>Feb 24 16:02:34 ec2: 256 SHA256:kVROB7OXRSGrT9TxmOhtVvxCXdSXZ+VcArI5gQuhPqc root@ubuntu-bionic (ED25519)
<14>Feb 24 16:02:34 ec2: 2048 SHA256:KYJPRLT99elc56eZ1LogJrL+8UTTQLztoIeZLuTX/dY root@ubuntu-bionic (RSA)
<14>Feb 24 16:02:34 ec2: -----END SSH HOST KEY FINGERPRINTS-----
<14>Feb 24 16:02:34 ec2: #############################################################
-----BEGIN SSH HOST KEY KEYS-----
ecdsa-sha2-nistp256 AAAAE2VjZHNhLXNoYTItbmlzdHAyNTYAAAAIbmlzdHAyNTYAAABBBAvgbhZSwH8lYpqEGm32ri4n13SKzl/JXJLTn6nLHZ+VBY9TdmO7QEvsDUrSOAUJ95aLDMgbMBtpUu7cbK1LwgA= root@ubuntu-bionic
ssh-ed25519 AAAAC3NzaC1lZDI1NTE5AAAAILLCPHfjT0ysIAwLizQU06QskIeBTqLioPe+5aQ5jDfz root@ubuntu-bionic
ssh-rsa AAAAB3NzaC1yc2EAAAADAQABAAABAQC69OS4oT1AaL4vuqV+hY1iYYuPEDgJoGdZ0gxRSKGbNd7dDztinxYb5KvhDEqhW7KAMHLE1OGExMQ5AUzvLGIHz7Y3Np0srVTr9t7PQ/Ti3tSYg/cJWmElDXbexdvXZe5/0lP/AmaWkNvp0AiMB9dZx707lGU6uV00Cb2XMdfRSeCr7oRxmSSWIvFGY149lAXP4KQBwphDmMyarKqLxpTMPBKnTDJLs43ukhJmUtZVcShznu9VizWeM9oN0YcXPOLDsLduaI08U0hCel87gNtz5mfsic272qL3K8z9V+73eWEin0DAHMr+NYd4hGCt2DP3GydiQZxcapwvupAWZCwH root@ubuntu-bionic
-----END SSH HOST KEY KEYS-----
[   22.167199] cloud-init[1365]: Cloud-init v. 19.4-33-gbb4131a2-0ubuntu1~18.04.1 running 'modules:final' at Mon, 24 Feb 2020 16:02:34 +0000. Up 21.95 seconds.
[   22.167304] cloud-init[1365]: ci-info: no authorized SSH keys fingerprints found for user ubuntu.
[   22.167877] cloud-init[1365]: Cloud-init v. 19.4-33-gbb4131a2-0ubuntu1~18.04.1 finished at Mon, 24 Feb 2020 16:02:34 +0000. Datasource DataSourceNoCloud [seed=/dev/sdb][dsmode=net].  Up 22.15 seconds
